ERROR - 2023-12-09 03:13:50 --> mysqli_sql_exception: Duplicate entry 'IRVINGEM23' for key 'PRIMARY' in C:\Users\lunam\OneDrive\Documents\Facultad de informática\SEMESTRE - VII\Computo Movil\Proyecto PTV\API\system\Database\MySQLi\Connection.php:306
Stack trace:
#0 C:\Users\lunam\OneDrive\Documents\Facultad de informática\SEMESTRE - VII\Computo Movil\Proyecto PTV\API\system\Database\MySQLi\Connection.php(306): mysqli->query('INSERT INTO `us...', 0)
#1 C:\Users\lunam\OneDrive\Documents\Facultad de informática\SEMESTRE - VII\Computo Movil\Proyecto PTV\API\system\Database\BaseConnection.php(692): CodeIgniter\Database\MySQLi\Connection->execute('INSERT INTO `us...')
#2 C:\Users\lunam\OneDrive\Documents\Facultad de informática\SEMESTRE - VII\Computo Movil\Proyecto PTV\API\system\Database\BaseConnection.php(606): CodeIgniter\Database\BaseConnection->simpleQuery('INSERT INTO `us...')
#3 C:\Users\lunam\OneDrive\Documents\Facultad de informática\SEMESTRE - VII\Computo Movil\Proyecto PTV\API\system\Database\BaseBuilder.php(2308): CodeIgniter\Database\BaseConnection->query('INSERT INTO `us...', Array, false)
#4 C:\Users\lunam\OneDrive\Documents\Facultad de informática\SEMESTRE - VII\Computo Movil\Proyecto PTV\API\system\Model.php(319): CodeIgniter\Database\BaseBuilder->insert()
#5 C:\Users\lunam\OneDrive\Documents\Facultad de informática\SEMESTRE - VII\Computo Movil\Proyecto PTV\API\system\BaseModel.php(788): CodeIgniter\Model->doInsert(Array)
#6 C:\Users\lunam\OneDrive\Documents\Facultad de informática\SEMESTRE - VII\Computo Movil\Proyecto PTV\API\system\Model.php(715): CodeIgniter\BaseModel->insert(Array, true)
#7 C:\Users\lunam\OneDrive\Documents\Facultad de informática\SEMESTRE - VII\Computo Movil\Proyecto PTV\API\app\Controllers\ControladorUsuarios.php(74): CodeIgniter\Model->insert(Array)
#8 C:\Users\lunam\OneDrive\Documents\Facultad de informática\SEMESTRE - VII\Computo Movil\Proyecto PTV\API\system\CodeIgniter.php(919): App\Controllers\ControladorUsuarios->create()
#9 C:\Users\lunam\OneDrive\Documents\Facultad de informática\SEMESTRE - VII\Computo Movil\Proyecto PTV\API\system\CodeIgniter.php(494): CodeIgniter\CodeIgniter->runController(Object(App\Controllers\ControladorUsuarios))
#10 C:\Users\lunam\OneDrive\Documents\Facultad de informática\SEMESTRE - VII\Computo Movil\Proyecto PTV\API\system\CodeIgniter.php(353): CodeIgniter\CodeIgniter->handleRequest(NULL, Object(Config\Cache), false)
#11 C:\Users\lunam\OneDrive\Documents\Facultad de informática\SEMESTRE - VII\Computo Movil\Proyecto PTV\API\public\index.php(79): CodeIgniter\CodeIgniter->run()
#12 C:\Users\lunam\OneDrive\Documents\Facultad de informática\SEMESTRE - VII\Computo Movil\Proyecto PTV\API\system\Commands\Server\rewrite.php(47): require_once('C:\\Users\\lunam\\...')
#13 {main}
CRITICAL - 2023-12-09 03:13:50 --> Duplicate entry 'IRVINGEM23' for key 'PRIMARY'
in SYSTEMPATH\Database\BaseConnection.php on line 646.
 1 SYSTEMPATH\Database\BaseBuilder.php(2308): CodeIgniter\Database\BaseConnection->query('INSERT INTO `usuarios` (`USUARIO`, `ID_ROL`, `NOMBRE_USUARIO`, `DIRECCION`, `EMAIL`, `CELULAR`, `PASSWORD`) VALUES (:USUARIO:, :ID_ROL:, :NOMBRE_USUARIO:, :DIRECCION:, :EMAIL:, :CELULAR:, :PASSWORD:)', [...], false)
 2 SYSTEMPATH\Model.php(319): CodeIgniter\Database\BaseBuilder->insert()
 3 SYSTEMPATH\BaseModel.php(788): CodeIgniter\Model->doInsert([...])
 4 SYSTEMPATH\Model.php(715): CodeIgniter\BaseModel->insert([...], true)
 5 APPPATH\Controllers\ControladorUsuarios.php(74): CodeIgniter\Model->insert([...])
 6 SYSTEMPATH\CodeIgniter.php(919): App\Controllers\ControladorUsuarios->create()
 7 SYSTEMPATH\CodeIgniter.php(494): CodeIgniter\CodeIgniter->runController(Object(App\Controllers\ControladorUsuarios))
 8 SYSTEMPATH\CodeIgniter.php(353): CodeIgniter\CodeIgniter->handleRequest(null, Object(Config\Cache), false)
 9 FCPATH\index.php(79): CodeIgniter\CodeIgniter->run()
10 SYSTEMPATH\Commands\Server\rewrite.php(47): require_once('C:\\Users\\lunam\\OneDrive\\Documents\\Facultad de informática\\SEMESTRE - VII\\Computo Movil\\Proyecto PTV\\API\\public\\index.php')
ERROR - 2023-12-09 03:15:16 --> mysqli_sql_exception: Cannot add or update a child row: a foreign key constraint fails (`miexpendio`.`usuarios`, CONSTRAINT `USUARIOS_ID_ROL_ROLES_ID_ROL` FOREIGN KEY (`ID_ROL`) REFERENCES `roles` (`ID_ROL`)) in C:\Users\lunam\OneDrive\Documents\Facultad de informática\SEMESTRE - VII\Computo Movil\Proyecto PTV\API\system\Database\MySQLi\Connection.php:306
Stack trace:
#0 C:\Users\lunam\OneDrive\Documents\Facultad de informática\SEMESTRE - VII\Computo Movil\Proyecto PTV\API\system\Database\MySQLi\Connection.php(306): mysqli->query('UPDATE `usuario...', 0)
#1 C:\Users\lunam\OneDrive\Documents\Facultad de informática\SEMESTRE - VII\Computo Movil\Proyecto PTV\API\system\Database\BaseConnection.php(692): CodeIgniter\Database\MySQLi\Connection->execute('UPDATE `usuario...')
#2 C:\Users\lunam\OneDrive\Documents\Facultad de informática\SEMESTRE - VII\Computo Movil\Proyecto PTV\API\system\Database\BaseConnection.php(606): CodeIgniter\Database\BaseConnection->simpleQuery('UPDATE `usuario...')
#3 C:\Users\lunam\OneDrive\Documents\Facultad de informática\SEMESTRE - VII\Computo Movil\Proyecto PTV\API\system\Database\BaseBuilder.php(2475): CodeIgniter\Database\BaseConnection->query('UPDATE `usuario...', Array, false)
#4 C:\Users\lunam\OneDrive\Documents\Facultad de informática\SEMESTRE - VII\Computo Movil\Proyecto PTV\API\system\Model.php(385): CodeIgniter\Database\BaseBuilder->update()
#5 C:\Users\lunam\OneDrive\Documents\Facultad de informática\SEMESTRE - VII\Computo Movil\Proyecto PTV\API\system\BaseModel.php(949): CodeIgniter\Model->doUpdate(Array, Array)
#6 C:\Users\lunam\OneDrive\Documents\Facultad de informática\SEMESTRE - VII\Computo Movil\Proyecto PTV\API\system\Model.php(776): CodeIgniter\BaseModel->update(Array, Array)
#7 C:\Users\lunam\OneDrive\Documents\Facultad de informática\SEMESTRE - VII\Computo Movil\Proyecto PTV\API\app\Controllers\ControladorUsuarios.php(117): CodeIgniter\Model->update('k', Array)
#8 C:\Users\lunam\OneDrive\Documents\Facultad de informática\SEMESTRE - VII\Computo Movil\Proyecto PTV\API\system\CodeIgniter.php(919): App\Controllers\ControladorUsuarios->update('k')
#9 C:\Users\lunam\OneDrive\Documents\Facultad de informática\SEMESTRE - VII\Computo Movil\Proyecto PTV\API\system\CodeIgniter.php(494): CodeIgniter\CodeIgniter->runController(Object(App\Controllers\ControladorUsuarios))
#10 C:\Users\lunam\OneDrive\Documents\Facultad de informática\SEMESTRE - VII\Computo Movil\Proyecto PTV\API\system\CodeIgniter.php(353): CodeIgniter\CodeIgniter->handleRequest(NULL, Object(Config\Cache), false)
#11 C:\Users\lunam\OneDrive\Documents\Facultad de informática\SEMESTRE - VII\Computo Movil\Proyecto PTV\API\public\index.php(79): CodeIgniter\CodeIgniter->run()
#12 C:\Users\lunam\OneDrive\Documents\Facultad de informática\SEMESTRE - VII\Computo Movil\Proyecto PTV\API\system\Commands\Server\rewrite.php(47): require_once('C:\\Users\\lunam\\...')
#13 {main}
CRITICAL - 2023-12-09 03:15:16 --> Cannot add or update a child row: a foreign key constraint fails (`miexpendio`.`usuarios`, CONSTRAINT `USUARIOS_ID_ROL_ROLES_ID_ROL` FOREIGN KEY (`ID_ROL`) REFERENCES `roles` (`ID_ROL`))
in SYSTEMPATH\Database\BaseConnection.php on line 646.
 1 SYSTEMPATH\Database\BaseBuilder.php(2475): CodeIgniter\Database\BaseConnection->query('UPDATE `usuarios` SET `USUARIO` = :USUARIO:, `ID_ROL` = :ID_ROL:, `NOMBRE_USUARIO` = :NOMBRE_USUARIO:, `DIRECCION` = :DIRECCION:, `EMAIL` = :EMAIL:, `CELULAR` = :CELULAR:, `PASSWORD` = :PASSWORD:
WHERE `usuarios`.`USUARIO` IN :usuarios.USUARIO:', [...], false)
 2 SYSTEMPATH\Model.php(385): CodeIgniter\Database\BaseBuilder->update()
 3 SYSTEMPATH\BaseModel.php(949): CodeIgniter\Model->doUpdate([...], [...])
 4 SYSTEMPATH\Model.php(776): CodeIgniter\BaseModel->update([...], [...])
 5 APPPATH\Controllers\ControladorUsuarios.php(117): CodeIgniter\Model->update('k', [...])
 6 SYSTEMPATH\CodeIgniter.php(919): App\Controllers\ControladorUsuarios->update('k')
 7 SYSTEMPATH\CodeIgniter.php(494): CodeIgniter\CodeIgniter->runController(Object(App\Controllers\ControladorUsuarios))
 8 SYSTEMPATH\CodeIgniter.php(353): CodeIgniter\CodeIgniter->handleRequest(null, Object(Config\Cache), false)
 9 FCPATH\index.php(79): CodeIgniter\CodeIgniter->run()
10 SYSTEMPATH\Commands\Server\rewrite.php(47): require_once('C:\\Users\\lunam\\OneDrive\\Documents\\Facultad de informática\\SEMESTRE - VII\\Computo Movil\\Proyecto PTV\\API\\public\\index.php')
