ERROR - 2023-12-01 04:12:37 --> mysqli_sql_exception: Duplicate entry '0' for key 'PRIMARY' in C:\Users\lunam\OneDrive\Documents\Facultad de informática\SEMESTRE - VII\Computo Movil\Proyecto PTV\API\system\Database\MySQLi\Connection.php:306
Stack trace:
#0 C:\Users\lunam\OneDrive\Documents\Facultad de informática\SEMESTRE - VII\Computo Movil\Proyecto PTV\API\system\Database\MySQLi\Connection.php(306): mysqli->query('INSERT INTO `US...', 0)
#1 C:\Users\lunam\OneDrive\Documents\Facultad de informática\SEMESTRE - VII\Computo Movil\Proyecto PTV\API\system\Database\BaseConnection.php(692): CodeIgniter\Database\MySQLi\Connection->execute('INSERT INTO `US...')
#2 C:\Users\lunam\OneDrive\Documents\Facultad de informática\SEMESTRE - VII\Computo Movil\Proyecto PTV\API\system\Database\BaseConnection.php(606): CodeIgniter\Database\BaseConnection->simpleQuery('INSERT INTO `US...')
#3 C:\Users\lunam\OneDrive\Documents\Facultad de informática\SEMESTRE - VII\Computo Movil\Proyecto PTV\API\system\Database\BaseBuilder.php(2308): CodeIgniter\Database\BaseConnection->query('INSERT INTO `US...', Array, false)
#4 C:\Users\lunam\OneDrive\Documents\Facultad de informática\SEMESTRE - VII\Computo Movil\Proyecto PTV\API\system\Model.php(319): CodeIgniter\Database\BaseBuilder->insert()
#5 C:\Users\lunam\OneDrive\Documents\Facultad de informática\SEMESTRE - VII\Computo Movil\Proyecto PTV\API\system\BaseModel.php(788): CodeIgniter\Model->doInsert(Array)
#6 C:\Users\lunam\OneDrive\Documents\Facultad de informática\SEMESTRE - VII\Computo Movil\Proyecto PTV\API\system\Model.php(715): CodeIgniter\BaseModel->insert(Array, true)
#7 C:\Users\lunam\OneDrive\Documents\Facultad de informática\SEMESTRE - VII\Computo Movil\Proyecto PTV\API\app\Controllers\ControladorUsuarios.php(74): CodeIgniter\Model->insert(Array)
#8 C:\Users\lunam\OneDrive\Documents\Facultad de informática\SEMESTRE - VII\Computo Movil\Proyecto PTV\API\system\CodeIgniter.php(919): App\Controllers\ControladorUsuarios->create()
#9 C:\Users\lunam\OneDrive\Documents\Facultad de informática\SEMESTRE - VII\Computo Movil\Proyecto PTV\API\system\CodeIgniter.php(494): CodeIgniter\CodeIgniter->runController(Object(App\Controllers\ControladorUsuarios))
#10 C:\Users\lunam\OneDrive\Documents\Facultad de informática\SEMESTRE - VII\Computo Movil\Proyecto PTV\API\system\CodeIgniter.php(353): CodeIgniter\CodeIgniter->handleRequest(NULL, Object(Config\Cache), false)
#11 C:\Users\lunam\OneDrive\Documents\Facultad de informática\SEMESTRE - VII\Computo Movil\Proyecto PTV\API\public\index.php(79): CodeIgniter\CodeIgniter->run()
#12 C:\Users\lunam\OneDrive\Documents\Facultad de informática\SEMESTRE - VII\Computo Movil\Proyecto PTV\API\system\Commands\Server\rewrite.php(47): require_once('C:\\Users\\lunam\\...')
#13 {main}
CRITICAL - 2023-12-01 04:12:37 --> Duplicate entry '0' for key 'PRIMARY'
in SYSTEMPATH\Database\BaseConnection.php on line 646.
 1 SYSTEMPATH\Database\BaseBuilder.php(2308): CodeIgniter\Database\BaseConnection->query('INSERT INTO `USUARIOS` (`ID_ROL`, `NOMBRE_USUARIO`, `DIRECCION`, `EMAIL`, `CELULAR`, `USUARIO`, `PASSWORD`) VALUES (:ID_ROL:, :NOMBRE_USUARIO:, :DIRECCION:, :EMAIL:, :CELULAR:, :USUARIO:, :PASSWORD:)', [...], false)
 2 SYSTEMPATH\Model.php(319): CodeIgniter\Database\BaseBuilder->insert()
 3 SYSTEMPATH\BaseModel.php(788): CodeIgniter\Model->doInsert([...])
 4 SYSTEMPATH\Model.php(715): CodeIgniter\BaseModel->insert([...], true)
 5 APPPATH\Controllers\ControladorUsuarios.php(74): CodeIgniter\Model->insert([...])
 6 SYSTEMPATH\CodeIgniter.php(919): App\Controllers\ControladorUsuarios->create()
 7 SYSTEMPATH\CodeIgniter.php(494): CodeIgniter\CodeIgniter->runController(Object(App\Controllers\ControladorUsuarios))
 8 SYSTEMPATH\CodeIgniter.php(353): CodeIgniter\CodeIgniter->handleRequest(null, Object(Config\Cache), false)
 9 FCPATH\index.php(79): CodeIgniter\CodeIgniter->run()
10 SYSTEMPATH\Commands\Server\rewrite.php(47): require_once('C:\\Users\\lunam\\OneDrive\\Documents\\Facultad de informática\\SEMESTRE - VII\\Computo Movil\\Proyecto PTV\\API\\public\\index.php')
ERROR - 2023-12-01 04:13:00 --> mysqli_sql_exception: Duplicate entry '0' for key 'PRIMARY' in C:\Users\lunam\OneDrive\Documents\Facultad de informática\SEMESTRE - VII\Computo Movil\Proyecto PTV\API\system\Database\MySQLi\Connection.php:306
Stack trace:
#0 C:\Users\lunam\OneDrive\Documents\Facultad de informática\SEMESTRE - VII\Computo Movil\Proyecto PTV\API\system\Database\MySQLi\Connection.php(306): mysqli->query('INSERT INTO `US...', 0)
#1 C:\Users\lunam\OneDrive\Documents\Facultad de informática\SEMESTRE - VII\Computo Movil\Proyecto PTV\API\system\Database\BaseConnection.php(692): CodeIgniter\Database\MySQLi\Connection->execute('INSERT INTO `US...')
#2 C:\Users\lunam\OneDrive\Documents\Facultad de informática\SEMESTRE - VII\Computo Movil\Proyecto PTV\API\system\Database\BaseConnection.php(606): CodeIgniter\Database\BaseConnection->simpleQuery('INSERT INTO `US...')
#3 C:\Users\lunam\OneDrive\Documents\Facultad de informática\SEMESTRE - VII\Computo Movil\Proyecto PTV\API\system\Database\BaseBuilder.php(2308): CodeIgniter\Database\BaseConnection->query('INSERT INTO `US...', Array, false)
#4 C:\Users\lunam\OneDrive\Documents\Facultad de informática\SEMESTRE - VII\Computo Movil\Proyecto PTV\API\system\Model.php(319): CodeIgniter\Database\BaseBuilder->insert()
#5 C:\Users\lunam\OneDrive\Documents\Facultad de informática\SEMESTRE - VII\Computo Movil\Proyecto PTV\API\system\BaseModel.php(788): CodeIgniter\Model->doInsert(Array)
#6 C:\Users\lunam\OneDrive\Documents\Facultad de informática\SEMESTRE - VII\Computo Movil\Proyecto PTV\API\system\Model.php(715): CodeIgniter\BaseModel->insert(Array, true)
#7 C:\Users\lunam\OneDrive\Documents\Facultad de informática\SEMESTRE - VII\Computo Movil\Proyecto PTV\API\app\Controllers\ControladorUsuarios.php(74): CodeIgniter\Model->insert(Array)
#8 C:\Users\lunam\OneDrive\Documents\Facultad de informática\SEMESTRE - VII\Computo Movil\Proyecto PTV\API\system\CodeIgniter.php(919): App\Controllers\ControladorUsuarios->create()
#9 C:\Users\lunam\OneDrive\Documents\Facultad de informática\SEMESTRE - VII\Computo Movil\Proyecto PTV\API\system\CodeIgniter.php(494): CodeIgniter\CodeIgniter->runController(Object(App\Controllers\ControladorUsuarios))
#10 C:\Users\lunam\OneDrive\Documents\Facultad de informática\SEMESTRE - VII\Computo Movil\Proyecto PTV\API\system\CodeIgniter.php(353): CodeIgniter\CodeIgniter->handleRequest(NULL, Object(Config\Cache), false)
#11 C:\Users\lunam\OneDrive\Documents\Facultad de informática\SEMESTRE - VII\Computo Movil\Proyecto PTV\API\public\index.php(79): CodeIgniter\CodeIgniter->run()
#12 C:\Users\lunam\OneDrive\Documents\Facultad de informática\SEMESTRE - VII\Computo Movil\Proyecto PTV\API\system\Commands\Server\rewrite.php(47): require_once('C:\\Users\\lunam\\...')
#13 {main}
CRITICAL - 2023-12-01 04:13:00 --> Duplicate entry '0' for key 'PRIMARY'
in SYSTEMPATH\Database\BaseConnection.php on line 646.
 1 SYSTEMPATH\Database\BaseBuilder.php(2308): CodeIgniter\Database\BaseConnection->query('INSERT INTO `USUARIOS` (`ID_ROL`, `NOMBRE_USUARIO`, `DIRECCION`, `EMAIL`, `CELULAR`, `USUARIO`, `PASSWORD`) VALUES (:ID_ROL:, :NOMBRE_USUARIO:, :DIRECCION:, :EMAIL:, :CELULAR:, :USUARIO:, :PASSWORD:)', [...], false)
 2 SYSTEMPATH\Model.php(319): CodeIgniter\Database\BaseBuilder->insert()
 3 SYSTEMPATH\BaseModel.php(788): CodeIgniter\Model->doInsert([...])
 4 SYSTEMPATH\Model.php(715): CodeIgniter\BaseModel->insert([...], true)
 5 APPPATH\Controllers\ControladorUsuarios.php(74): CodeIgniter\Model->insert([...])
 6 SYSTEMPATH\CodeIgniter.php(919): App\Controllers\ControladorUsuarios->create()
 7 SYSTEMPATH\CodeIgniter.php(494): CodeIgniter\CodeIgniter->runController(Object(App\Controllers\ControladorUsuarios))
 8 SYSTEMPATH\CodeIgniter.php(353): CodeIgniter\CodeIgniter->handleRequest(null, Object(Config\Cache), false)
 9 FCPATH\index.php(79): CodeIgniter\CodeIgniter->run()
10 SYSTEMPATH\Commands\Server\rewrite.php(47): require_once('C:\\Users\\lunam\\OneDrive\\Documents\\Facultad de informática\\SEMESTRE - VII\\Computo Movil\\Proyecto PTV\\API\\public\\index.php')
ERROR - 2023-12-01 04:13:41 --> mysqli_sql_exception: Duplicate entry '0' for key 'PRIMARY' in C:\Users\lunam\OneDrive\Documents\Facultad de informática\SEMESTRE - VII\Computo Movil\Proyecto PTV\API\system\Database\MySQLi\Connection.php:306
Stack trace:
#0 C:\Users\lunam\OneDrive\Documents\Facultad de informática\SEMESTRE - VII\Computo Movil\Proyecto PTV\API\system\Database\MySQLi\Connection.php(306): mysqli->query('INSERT INTO `US...', 0)
#1 C:\Users\lunam\OneDrive\Documents\Facultad de informática\SEMESTRE - VII\Computo Movil\Proyecto PTV\API\system\Database\BaseConnection.php(692): CodeIgniter\Database\MySQLi\Connection->execute('INSERT INTO `US...')
#2 C:\Users\lunam\OneDrive\Documents\Facultad de informática\SEMESTRE - VII\Computo Movil\Proyecto PTV\API\system\Database\BaseConnection.php(606): CodeIgniter\Database\BaseConnection->simpleQuery('INSERT INTO `US...')
#3 C:\Users\lunam\OneDrive\Documents\Facultad de informática\SEMESTRE - VII\Computo Movil\Proyecto PTV\API\system\Database\BaseBuilder.php(2308): CodeIgniter\Database\BaseConnection->query('INSERT INTO `US...', Array, false)
#4 C:\Users\lunam\OneDrive\Documents\Facultad de informática\SEMESTRE - VII\Computo Movil\Proyecto PTV\API\system\Model.php(319): CodeIgniter\Database\BaseBuilder->insert()
#5 C:\Users\lunam\OneDrive\Documents\Facultad de informática\SEMESTRE - VII\Computo Movil\Proyecto PTV\API\system\BaseModel.php(788): CodeIgniter\Model->doInsert(Array)
#6 C:\Users\lunam\OneDrive\Documents\Facultad de informática\SEMESTRE - VII\Computo Movil\Proyecto PTV\API\system\Model.php(715): CodeIgniter\BaseModel->insert(Array, true)
#7 C:\Users\lunam\OneDrive\Documents\Facultad de informática\SEMESTRE - VII\Computo Movil\Proyecto PTV\API\app\Controllers\ControladorUsuarios.php(75): CodeIgniter\Model->insert(Array)
#8 C:\Users\lunam\OneDrive\Documents\Facultad de informática\SEMESTRE - VII\Computo Movil\Proyecto PTV\API\system\CodeIgniter.php(919): App\Controllers\ControladorUsuarios->create()
#9 C:\Users\lunam\OneDrive\Documents\Facultad de informática\SEMESTRE - VII\Computo Movil\Proyecto PTV\API\system\CodeIgniter.php(494): CodeIgniter\CodeIgniter->runController(Object(App\Controllers\ControladorUsuarios))
#10 C:\Users\lunam\OneDrive\Documents\Facultad de informática\SEMESTRE - VII\Computo Movil\Proyecto PTV\API\system\CodeIgniter.php(353): CodeIgniter\CodeIgniter->handleRequest(NULL, Object(Config\Cache), false)
#11 C:\Users\lunam\OneDrive\Documents\Facultad de informática\SEMESTRE - VII\Computo Movil\Proyecto PTV\API\public\index.php(79): CodeIgniter\CodeIgniter->run()
#12 C:\Users\lunam\OneDrive\Documents\Facultad de informática\SEMESTRE - VII\Computo Movil\Proyecto PTV\API\system\Commands\Server\rewrite.php(47): require_once('C:\\Users\\lunam\\...')
#13 {main}
CRITICAL - 2023-12-01 04:13:41 --> Duplicate entry '0' for key 'PRIMARY'
in SYSTEMPATH\Database\BaseConnection.php on line 646.
 1 SYSTEMPATH\Database\BaseBuilder.php(2308): CodeIgniter\Database\BaseConnection->query('INSERT INTO `USUARIOS` (`ID_ROL`, `NOMBRE_USUARIO`, `DIRECCION`, `EMAIL`, `CELULAR`, `USUARIO`, `PASSWORD`) VALUES (:ID_ROL:, :NOMBRE_USUARIO:, :DIRECCION:, :EMAIL:, :CELULAR:, :USUARIO:, :PASSWORD:)', [...], false)
 2 SYSTEMPATH\Model.php(319): CodeIgniter\Database\BaseBuilder->insert()
 3 SYSTEMPATH\BaseModel.php(788): CodeIgniter\Model->doInsert([...])
 4 SYSTEMPATH\Model.php(715): CodeIgniter\BaseModel->insert([...], true)
 5 APPPATH\Controllers\ControladorUsuarios.php(75): CodeIgniter\Model->insert([...])
 6 SYSTEMPATH\CodeIgniter.php(919): App\Controllers\ControladorUsuarios->create()
 7 SYSTEMPATH\CodeIgniter.php(494): CodeIgniter\CodeIgniter->runController(Object(App\Controllers\ControladorUsuarios))
 8 SYSTEMPATH\CodeIgniter.php(353): CodeIgniter\CodeIgniter->handleRequest(null, Object(Config\Cache), false)
 9 FCPATH\index.php(79): CodeIgniter\CodeIgniter->run()
10 SYSTEMPATH\Commands\Server\rewrite.php(47): require_once('C:\\Users\\lunam\\OneDrive\\Documents\\Facultad de informática\\SEMESTRE - VII\\Computo Movil\\Proyecto PTV\\API\\public\\index.php')
ERROR - 2023-12-01 04:14:34 --> mysqli_sql_exception: Duplicate entry '4' for key 'PRIMARY' in C:\Users\lunam\OneDrive\Documents\Facultad de informática\SEMESTRE - VII\Computo Movil\Proyecto PTV\API\system\Database\MySQLi\Connection.php:306
Stack trace:
#0 C:\Users\lunam\OneDrive\Documents\Facultad de informática\SEMESTRE - VII\Computo Movil\Proyecto PTV\API\system\Database\MySQLi\Connection.php(306): mysqli->query('INSERT INTO `US...', 0)
#1 C:\Users\lunam\OneDrive\Documents\Facultad de informática\SEMESTRE - VII\Computo Movil\Proyecto PTV\API\system\Database\BaseConnection.php(692): CodeIgniter\Database\MySQLi\Connection->execute('INSERT INTO `US...')
#2 C:\Users\lunam\OneDrive\Documents\Facultad de informática\SEMESTRE - VII\Computo Movil\Proyecto PTV\API\system\Database\BaseConnection.php(606): CodeIgniter\Database\BaseConnection->simpleQuery('INSERT INTO `US...')
#3 C:\Users\lunam\OneDrive\Documents\Facultad de informática\SEMESTRE - VII\Computo Movil\Proyecto PTV\API\system\Database\BaseBuilder.php(2308): CodeIgniter\Database\BaseConnection->query('INSERT INTO `US...', Array, false)
#4 C:\Users\lunam\OneDrive\Documents\Facultad de informática\SEMESTRE - VII\Computo Movil\Proyecto PTV\API\system\Model.php(319): CodeIgniter\Database\BaseBuilder->insert()
#5 C:\Users\lunam\OneDrive\Documents\Facultad de informática\SEMESTRE - VII\Computo Movil\Proyecto PTV\API\system\BaseModel.php(788): CodeIgniter\Model->doInsert(Array)
#6 C:\Users\lunam\OneDrive\Documents\Facultad de informática\SEMESTRE - VII\Computo Movil\Proyecto PTV\API\system\Model.php(715): CodeIgniter\BaseModel->insert(Array, true)
#7 C:\Users\lunam\OneDrive\Documents\Facultad de informática\SEMESTRE - VII\Computo Movil\Proyecto PTV\API\app\Controllers\ControladorUsuarios.php(75): CodeIgniter\Model->insert(Array)
#8 C:\Users\lunam\OneDrive\Documents\Facultad de informática\SEMESTRE - VII\Computo Movil\Proyecto PTV\API\system\CodeIgniter.php(919): App\Controllers\ControladorUsuarios->create()
#9 C:\Users\lunam\OneDrive\Documents\Facultad de informática\SEMESTRE - VII\Computo Movil\Proyecto PTV\API\system\CodeIgniter.php(494): CodeIgniter\CodeIgniter->runController(Object(App\Controllers\ControladorUsuarios))
#10 C:\Users\lunam\OneDrive\Documents\Facultad de informática\SEMESTRE - VII\Computo Movil\Proyecto PTV\API\system\CodeIgniter.php(353): CodeIgniter\CodeIgniter->handleRequest(NULL, Object(Config\Cache), false)
#11 C:\Users\lunam\OneDrive\Documents\Facultad de informática\SEMESTRE - VII\Computo Movil\Proyecto PTV\API\public\index.php(79): CodeIgniter\CodeIgniter->run()
#12 C:\Users\lunam\OneDrive\Documents\Facultad de informática\SEMESTRE - VII\Computo Movil\Proyecto PTV\API\system\Commands\Server\rewrite.php(47): require_once('C:\\Users\\lunam\\...')
#13 {main}
CRITICAL - 2023-12-01 04:14:34 --> Duplicate entry '4' for key 'PRIMARY'
in SYSTEMPATH\Database\BaseConnection.php on line 646.
 1 SYSTEMPATH\Database\BaseBuilder.php(2308): CodeIgniter\Database\BaseConnection->query('INSERT INTO `USUARIOS` (`ID_USUARIO`, `ID_ROL`, `NOMBRE_USUARIO`, `DIRECCION`, `EMAIL`, `CELULAR`, `USUARIO`, `PASSWORD`) VALUES (:ID_USUARIO:, :ID_ROL:, :NOMBRE_USUARIO:, :DIRECCION:, :EMAIL:, :CELULAR:, :USUARIO:, :PASSWORD:)', [...], false)
 2 SYSTEMPATH\Model.php(319): CodeIgniter\Database\BaseBuilder->insert()
 3 SYSTEMPATH\BaseModel.php(788): CodeIgniter\Model->doInsert([...])
 4 SYSTEMPATH\Model.php(715): CodeIgniter\BaseModel->insert([...], true)
 5 APPPATH\Controllers\ControladorUsuarios.php(75): CodeIgniter\Model->insert([...])
 6 SYSTEMPATH\CodeIgniter.php(919): App\Controllers\ControladorUsuarios->create()
 7 SYSTEMPATH\CodeIgniter.php(494): CodeIgniter\CodeIgniter->runController(Object(App\Controllers\ControladorUsuarios))
 8 SYSTEMPATH\CodeIgniter.php(353): CodeIgniter\CodeIgniter->handleRequest(null, Object(Config\Cache), false)
 9 FCPATH\index.php(79): CodeIgniter\CodeIgniter->run()
10 SYSTEMPATH\Commands\Server\rewrite.php(47): require_once('C:\\Users\\lunam\\OneDrive\\Documents\\Facultad de informática\\SEMESTRE - VII\\Computo Movil\\Proyecto PTV\\API\\public\\index.php')
CRITICAL - 2023-12-01 04:15:00 --> Deletes are not allowed unless they contain a "where" or "like" clause.
in SYSTEMPATH\Database\BaseBuilder.php on line 2766.
 1 SYSTEMPATH\Model.php(445): CodeIgniter\Database\BaseBuilder->delete()
 2 SYSTEMPATH\BaseModel.php(1080): CodeIgniter\Model->doDelete('0', false)
 3 APPPATH\Controllers\ControladorUsuarios.php(119): CodeIgniter\BaseModel->delete('0')
 4 SYSTEMPATH\CodeIgniter.php(919): App\Controllers\ControladorUsuarios->delete('0')
 5 SYSTEMPATH\CodeIgniter.php(494): CodeIgniter\CodeIgniter->runController(Object(App\Controllers\ControladorUsuarios))
 6 SYSTEMPATH\CodeIgniter.php(353): CodeIgniter\CodeIgniter->handleRequest(null, Object(Config\Cache), false)
 7 FCPATH\index.php(79): CodeIgniter\CodeIgniter->run()
 8 SYSTEMPATH\Commands\Server\rewrite.php(47): require_once('C:\\Users\\lunam\\OneDrive\\Documents\\Facultad de informática\\SEMESTRE - VII\\Computo Movil\\Proyecto PTV\\API\\public\\index.php')
CRITICAL - 2023-12-01 04:15:34 --> Deletes are not allowed unless they contain a "where" or "like" clause.
in SYSTEMPATH\Database\BaseBuilder.php on line 2766.
 1 SYSTEMPATH\Model.php(445): CodeIgniter\Database\BaseBuilder->delete()
 2 SYSTEMPATH\BaseModel.php(1080): CodeIgniter\Model->doDelete('0', false)
 3 APPPATH\Controllers\ControladorUsuarios.php(119): CodeIgniter\BaseModel->delete('0')
 4 SYSTEMPATH\CodeIgniter.php(919): App\Controllers\ControladorUsuarios->delete('0')
 5 SYSTEMPATH\CodeIgniter.php(494): CodeIgniter\CodeIgniter->runController(Object(App\Controllers\ControladorUsuarios))
 6 SYSTEMPATH\CodeIgniter.php(353): CodeIgniter\CodeIgniter->handleRequest(null, Object(Config\Cache), false)
 7 FCPATH\index.php(79): CodeIgniter\CodeIgniter->run()
 8 SYSTEMPATH\Commands\Server\rewrite.php(47): require_once('C:\\Users\\lunam\\OneDrive\\Documents\\Facultad de informática\\SEMESTRE - VII\\Computo Movil\\Proyecto PTV\\API\\public\\index.php')
ERROR - 2023-12-01 04:21:45 --> mysqli_sql_exception: Cannot add or update a child row: a foreign key constraint fails (`miexpendio`.`usuarios`, CONSTRAINT `USUARIOS_ID_ROL_ROLES_ID_ROL` FOREIGN KEY (`ID_ROL`) REFERENCES `roles` (`ID_ROL`)) in C:\Users\lunam\OneDrive\Documents\Facultad de informática\SEMESTRE - VII\Computo Movil\Proyecto PTV\API\system\Database\MySQLi\Connection.php:306
Stack trace:
#0 C:\Users\lunam\OneDrive\Documents\Facultad de informática\SEMESTRE - VII\Computo Movil\Proyecto PTV\API\system\Database\MySQLi\Connection.php(306): mysqli->query('UPDATE `USUARIO...', 0)
#1 C:\Users\lunam\OneDrive\Documents\Facultad de informática\SEMESTRE - VII\Computo Movil\Proyecto PTV\API\system\Database\BaseConnection.php(692): CodeIgniter\Database\MySQLi\Connection->execute('UPDATE `USUARIO...')
#2 C:\Users\lunam\OneDrive\Documents\Facultad de informática\SEMESTRE - VII\Computo Movil\Proyecto PTV\API\system\Database\BaseConnection.php(606): CodeIgniter\Database\BaseConnection->simpleQuery('UPDATE `USUARIO...')
#3 C:\Users\lunam\OneDrive\Documents\Facultad de informática\SEMESTRE - VII\Computo Movil\Proyecto PTV\API\system\Database\BaseBuilder.php(2475): CodeIgniter\Database\BaseConnection->query('UPDATE `USUARIO...', Array, false)
#4 C:\Users\lunam\OneDrive\Documents\Facultad de informática\SEMESTRE - VII\Computo Movil\Proyecto PTV\API\system\Model.php(385): CodeIgniter\Database\BaseBuilder->update()
#5 C:\Users\lunam\OneDrive\Documents\Facultad de informática\SEMESTRE - VII\Computo Movil\Proyecto PTV\API\system\BaseModel.php(949): CodeIgniter\Model->doUpdate(Array, Array)
#6 C:\Users\lunam\OneDrive\Documents\Facultad de informática\SEMESTRE - VII\Computo Movil\Proyecto PTV\API\system\Model.php(776): CodeIgniter\BaseModel->update(Array, Array)
#7 C:\Users\lunam\OneDrive\Documents\Facultad de informática\SEMESTRE - VII\Computo Movil\Proyecto PTV\API\app\Controllers\ControladorUsuarios.php(119): CodeIgniter\Model->update('4', Array)
#8 C:\Users\lunam\OneDrive\Documents\Facultad de informática\SEMESTRE - VII\Computo Movil\Proyecto PTV\API\system\CodeIgniter.php(919): App\Controllers\ControladorUsuarios->update('4')
#9 C:\Users\lunam\OneDrive\Documents\Facultad de informática\SEMESTRE - VII\Computo Movil\Proyecto PTV\API\system\CodeIgniter.php(494): CodeIgniter\CodeIgniter->runController(Object(App\Controllers\ControladorUsuarios))
#10 C:\Users\lunam\OneDrive\Documents\Facultad de informática\SEMESTRE - VII\Computo Movil\Proyecto PTV\API\system\CodeIgniter.php(353): CodeIgniter\CodeIgniter->handleRequest(NULL, Object(Config\Cache), false)
#11 C:\Users\lunam\OneDrive\Documents\Facultad de informática\SEMESTRE - VII\Computo Movil\Proyecto PTV\API\public\index.php(79): CodeIgniter\CodeIgniter->run()
#12 C:\Users\lunam\OneDrive\Documents\Facultad de informática\SEMESTRE - VII\Computo Movil\Proyecto PTV\API\system\Commands\Server\rewrite.php(47): require_once('C:\\Users\\lunam\\...')
#13 {main}
CRITICAL - 2023-12-01 04:21:45 --> Cannot add or update a child row: a foreign key constraint fails (`miexpendio`.`usuarios`, CONSTRAINT `USUARIOS_ID_ROL_ROLES_ID_ROL` FOREIGN KEY (`ID_ROL`) REFERENCES `roles` (`ID_ROL`))
in SYSTEMPATH\Database\BaseConnection.php on line 646.
 1 SYSTEMPATH\Database\BaseBuilder.php(2475): CodeIgniter\Database\BaseConnection->query('UPDATE `USUARIOS` SET `ID_USUARIO` = :ID_USUARIO:, `ID_ROL` = :ID_ROL:, `NOMBRE_USUARIO` = :NOMBRE_USUARIO:, `DIRECCION` = :DIRECCION:, `EMAIL` = :EMAIL:, `CELULAR` = :CELULAR:, `USUARIO` = :USUARIO:, `PASSWORD` = :PASSWORD:
WHERE `USUARIOS`.`ID_USUARIO` IN :USUARIOS.ID_USUARIO:', [...], false)
 2 SYSTEMPATH\Model.php(385): CodeIgniter\Database\BaseBuilder->update()
 3 SYSTEMPATH\BaseModel.php(949): CodeIgniter\Model->doUpdate([...], [...])
 4 SYSTEMPATH\Model.php(776): CodeIgniter\BaseModel->update([...], [...])
 5 APPPATH\Controllers\ControladorUsuarios.php(119): CodeIgniter\Model->update('4', [...])
 6 SYSTEMPATH\CodeIgniter.php(919): App\Controllers\ControladorUsuarios->update('4')
 7 SYSTEMPATH\CodeIgniter.php(494): CodeIgniter\CodeIgniter->runController(Object(App\Controllers\ControladorUsuarios))
 8 SYSTEMPATH\CodeIgniter.php(353): CodeIgniter\CodeIgniter->handleRequest(null, Object(Config\Cache), false)
 9 FCPATH\index.php(79): CodeIgniter\CodeIgniter->run()
10 SYSTEMPATH\Commands\Server\rewrite.php(47): require_once('C:\\Users\\lunam\\OneDrive\\Documents\\Facultad de informática\\SEMESTRE - VII\\Computo Movil\\Proyecto PTV\\API\\public\\index.php')
ERROR - 2023-12-01 04:52:07 --> mysqli_sql_exception: Duplicate entry '7' for key 'PRIMARY' in C:\Users\lunam\OneDrive\Documents\Facultad de informática\SEMESTRE - VII\Computo Movil\Proyecto PTV\API\system\Database\MySQLi\Connection.php:306
Stack trace:
#0 C:\Users\lunam\OneDrive\Documents\Facultad de informática\SEMESTRE - VII\Computo Movil\Proyecto PTV\API\system\Database\MySQLi\Connection.php(306): mysqli->query('INSERT INTO `or...', 0)
#1 C:\Users\lunam\OneDrive\Documents\Facultad de informática\SEMESTRE - VII\Computo Movil\Proyecto PTV\API\system\Database\BaseConnection.php(692): CodeIgniter\Database\MySQLi\Connection->execute('INSERT INTO `or...')
#2 C:\Users\lunam\OneDrive\Documents\Facultad de informática\SEMESTRE - VII\Computo Movil\Proyecto PTV\API\system\Database\BaseConnection.php(606): CodeIgniter\Database\BaseConnection->simpleQuery('INSERT INTO `or...')
#3 C:\Users\lunam\OneDrive\Documents\Facultad de informática\SEMESTRE - VII\Computo Movil\Proyecto PTV\API\system\Database\BaseBuilder.php(2308): CodeIgniter\Database\BaseConnection->query('INSERT INTO `or...', Array, false)
#4 C:\Users\lunam\OneDrive\Documents\Facultad de informática\SEMESTRE - VII\Computo Movil\Proyecto PTV\API\system\Model.php(319): CodeIgniter\Database\BaseBuilder->insert()
#5 C:\Users\lunam\OneDrive\Documents\Facultad de informática\SEMESTRE - VII\Computo Movil\Proyecto PTV\API\system\BaseModel.php(788): CodeIgniter\Model->doInsert(Array)
#6 C:\Users\lunam\OneDrive\Documents\Facultad de informática\SEMESTRE - VII\Computo Movil\Proyecto PTV\API\system\Model.php(715): CodeIgniter\BaseModel->insert(Array, true)
#7 C:\Users\lunam\OneDrive\Documents\Facultad de informática\SEMESTRE - VII\Computo Movil\Proyecto PTV\API\app\Controllers\ControladorOrdenes.php(71): CodeIgniter\Model->insert(Array)
#8 C:\Users\lunam\OneDrive\Documents\Facultad de informática\SEMESTRE - VII\Computo Movil\Proyecto PTV\API\system\CodeIgniter.php(919): App\Controllers\ControladorOrdenes->create()
#9 C:\Users\lunam\OneDrive\Documents\Facultad de informática\SEMESTRE - VII\Computo Movil\Proyecto PTV\API\system\CodeIgniter.php(494): CodeIgniter\CodeIgniter->runController(Object(App\Controllers\ControladorOrdenes))
#10 C:\Users\lunam\OneDrive\Documents\Facultad de informática\SEMESTRE - VII\Computo Movil\Proyecto PTV\API\system\CodeIgniter.php(353): CodeIgniter\CodeIgniter->handleRequest(NULL, Object(Config\Cache), false)
#11 C:\Users\lunam\OneDrive\Documents\Facultad de informática\SEMESTRE - VII\Computo Movil\Proyecto PTV\API\public\index.php(79): CodeIgniter\CodeIgniter->run()
#12 C:\Users\lunam\OneDrive\Documents\Facultad de informática\SEMESTRE - VII\Computo Movil\Proyecto PTV\API\system\Commands\Server\rewrite.php(47): require_once('C:\\Users\\lunam\\...')
#13 {main}
CRITICAL - 2023-12-01 04:52:07 --> Duplicate entry '7' for key 'PRIMARY'
in SYSTEMPATH\Database\BaseConnection.php on line 646.
 1 SYSTEMPATH\Database\BaseBuilder.php(2308): CodeIgniter\Database\BaseConnection->query('INSERT INTO `ordenes` (`ID_ORDEN`, `ID_USUARIO`, `FECHA_ORDEN`, `TOTAL`) VALUES (:ID_ORDEN:, :ID_USUARIO:, :FECHA_ORDEN:, :TOTAL:)', [...], false)
 2 SYSTEMPATH\Model.php(319): CodeIgniter\Database\BaseBuilder->insert()
 3 SYSTEMPATH\BaseModel.php(788): CodeIgniter\Model->doInsert([...])
 4 SYSTEMPATH\Model.php(715): CodeIgniter\BaseModel->insert([...], true)
 5 APPPATH\Controllers\ControladorOrdenes.php(71): CodeIgniter\Model->insert([...])
 6 SYSTEMPATH\CodeIgniter.php(919): App\Controllers\ControladorOrdenes->create()
 7 SYSTEMPATH\CodeIgniter.php(494): CodeIgniter\CodeIgniter->runController(Object(App\Controllers\ControladorOrdenes))
 8 SYSTEMPATH\CodeIgniter.php(353): CodeIgniter\CodeIgniter->handleRequest(null, Object(Config\Cache), false)
 9 FCPATH\index.php(79): CodeIgniter\CodeIgniter->run()
10 SYSTEMPATH\Commands\Server\rewrite.php(47): require_once('C:\\Users\\lunam\\OneDrive\\Documents\\Facultad de informática\\SEMESTRE - VII\\Computo Movil\\Proyecto PTV\\API\\public\\index.php')
CRITICAL - 2023-12-01 04:54:48 --> Undefined property: stdClass::$ID_PRODUCTO
in APPPATH\Controllers\ControladorOrdenes.php on line 105.
 1 APPPATH\Controllers\ControladorOrdenes.php(105): CodeIgniter\Debug\Exceptions->errorHandler(2, 'Undefined property: stdClass::$ID_PRODUCTO', 'C:\\Users\\lunam\\OneDrive\\Documents\\Facultad de informática\\SEMESTRE - VII\\Computo Movil\\Proyecto PTV\\API\\app\\Controllers\\ControladorOrdenes.php', 105)
 2 SYSTEMPATH\CodeIgniter.php(919): App\Controllers\ControladorOrdenes->update('7')
 3 SYSTEMPATH\CodeIgniter.php(494): CodeIgniter\CodeIgniter->runController(Object(App\Controllers\ControladorOrdenes))
 4 SYSTEMPATH\CodeIgniter.php(353): CodeIgniter\CodeIgniter->handleRequest(null, Object(Config\Cache), false)
 5 FCPATH\index.php(79): CodeIgniter\CodeIgniter->run()
 6 SYSTEMPATH\Commands\Server\rewrite.php(47): require_once('C:\\Users\\lunam\\OneDrive\\Documents\\Facultad de informática\\SEMESTRE - VII\\Computo Movil\\Proyecto PTV\\API\\public\\index.php')
ERROR - 2023-12-01 05:13:24 --> mysqli_sql_exception: Cannot add or update a child row: a foreign key constraint fails (`miexpendio`.`detalle_orden`, CONSTRAINT `DETALLE_ORDEN_ID_PRODUCTO_PRODUCTOS_ID_PRODUCTO` FOREIGN KEY (`ID_PRODUCTO`) REFERENCES `productos` (`ID_PRODUCTO`)) in C:\Users\lunam\OneDrive\Documents\Facultad de informática\SEMESTRE - VII\Computo Movil\Proyecto PTV\API\system\Database\MySQLi\Connection.php:306
Stack trace:
#0 C:\Users\lunam\OneDrive\Documents\Facultad de informática\SEMESTRE - VII\Computo Movil\Proyecto PTV\API\system\Database\MySQLi\Connection.php(306): mysqli->query('INSERT INTO `de...', 0)
#1 C:\Users\lunam\OneDrive\Documents\Facultad de informática\SEMESTRE - VII\Computo Movil\Proyecto PTV\API\system\Database\BaseConnection.php(692): CodeIgniter\Database\MySQLi\Connection->execute('INSERT INTO `de...')
#2 C:\Users\lunam\OneDrive\Documents\Facultad de informática\SEMESTRE - VII\Computo Movil\Proyecto PTV\API\system\Database\BaseConnection.php(606): CodeIgniter\Database\BaseConnection->simpleQuery('INSERT INTO `de...')
#3 C:\Users\lunam\OneDrive\Documents\Facultad de informática\SEMESTRE - VII\Computo Movil\Proyecto PTV\API\system\Database\BaseBuilder.php(2308): CodeIgniter\Database\BaseConnection->query('INSERT INTO `de...', Array, false)
#4 C:\Users\lunam\OneDrive\Documents\Facultad de informática\SEMESTRE - VII\Computo Movil\Proyecto PTV\API\system\Model.php(319): CodeIgniter\Database\BaseBuilder->insert()
#5 C:\Users\lunam\OneDrive\Documents\Facultad de informática\SEMESTRE - VII\Computo Movil\Proyecto PTV\API\system\BaseModel.php(788): CodeIgniter\Model->doInsert(Array)
#6 C:\Users\lunam\OneDrive\Documents\Facultad de informática\SEMESTRE - VII\Computo Movil\Proyecto PTV\API\system\Model.php(715): CodeIgniter\BaseModel->insert(Array, true)
#7 C:\Users\lunam\OneDrive\Documents\Facultad de informática\SEMESTRE - VII\Computo Movil\Proyecto PTV\API\app\Controllers\ControladorDetalleOrdenes.php(71): CodeIgniter\Model->insert(Array)
#8 C:\Users\lunam\OneDrive\Documents\Facultad de informática\SEMESTRE - VII\Computo Movil\Proyecto PTV\API\system\CodeIgniter.php(919): App\Controllers\ControladorDetalleOrdenes->create()
#9 C:\Users\lunam\OneDrive\Documents\Facultad de informática\SEMESTRE - VII\Computo Movil\Proyecto PTV\API\system\CodeIgniter.php(494): CodeIgniter\CodeIgniter->runController(Object(App\Controllers\ControladorDetalleOrdenes))
#10 C:\Users\lunam\OneDrive\Documents\Facultad de informática\SEMESTRE - VII\Computo Movil\Proyecto PTV\API\system\CodeIgniter.php(353): CodeIgniter\CodeIgniter->handleRequest(NULL, Object(Config\Cache), false)
#11 C:\Users\lunam\OneDrive\Documents\Facultad de informática\SEMESTRE - VII\Computo Movil\Proyecto PTV\API\public\index.php(79): CodeIgniter\CodeIgniter->run()
#12 C:\Users\lunam\OneDrive\Documents\Facultad de informática\SEMESTRE - VII\Computo Movil\Proyecto PTV\API\system\Commands\Server\rewrite.php(47): require_once('C:\\Users\\lunam\\...')
#13 {main}
CRITICAL - 2023-12-01 05:13:24 --> Cannot add or update a child row: a foreign key constraint fails (`miexpendio`.`detalle_orden`, CONSTRAINT `DETALLE_ORDEN_ID_PRODUCTO_PRODUCTOS_ID_PRODUCTO` FOREIGN KEY (`ID_PRODUCTO`) REFERENCES `productos` (`ID_PRODUCTO`))
in SYSTEMPATH\Database\BaseConnection.php on line 646.
 1 SYSTEMPATH\Database\BaseBuilder.php(2308): CodeIgniter\Database\BaseConnection->query('INSERT INTO `detalle_orden` (`ID_ORDEN`, `ID_PRODUCTO`, `CANTIDAD`) VALUES (:ID_ORDEN:, :ID_PRODUCTO:, :CANTIDAD:)', [...], false)
 2 SYSTEMPATH\Model.php(319): CodeIgniter\Database\BaseBuilder->insert()
 3 SYSTEMPATH\BaseModel.php(788): CodeIgniter\Model->doInsert([...])
 4 SYSTEMPATH\Model.php(715): CodeIgniter\BaseModel->insert([...], true)
 5 APPPATH\Controllers\ControladorDetalleOrdenes.php(71): CodeIgniter\Model->insert([...])
 6 SYSTEMPATH\CodeIgniter.php(919): App\Controllers\ControladorDetalleOrdenes->create()
 7 SYSTEMPATH\CodeIgniter.php(494): CodeIgniter\CodeIgniter->runController(Object(App\Controllers\ControladorDetalleOrdenes))
 8 SYSTEMPATH\CodeIgniter.php(353): CodeIgniter\CodeIgniter->handleRequest(null, Object(Config\Cache), false)
 9 FCPATH\index.php(79): CodeIgniter\CodeIgniter->run()
10 SYSTEMPATH\Commands\Server\rewrite.php(47): require_once('C:\\Users\\lunam\\OneDrive\\Documents\\Facultad de informática\\SEMESTRE - VII\\Computo Movil\\Proyecto PTV\\API\\public\\index.php')
ERROR - 2023-12-01 05:13:29 --> mysqli_sql_exception: Cannot add or update a child row: a foreign key constraint fails (`miexpendio`.`detalle_orden`, CONSTRAINT `DETALLE_ORDEN_ID_PRODUCTO_PRODUCTOS_ID_PRODUCTO` FOREIGN KEY (`ID_PRODUCTO`) REFERENCES `productos` (`ID_PRODUCTO`)) in C:\Users\lunam\OneDrive\Documents\Facultad de informática\SEMESTRE - VII\Computo Movil\Proyecto PTV\API\system\Database\MySQLi\Connection.php:306
Stack trace:
#0 C:\Users\lunam\OneDrive\Documents\Facultad de informática\SEMESTRE - VII\Computo Movil\Proyecto PTV\API\system\Database\MySQLi\Connection.php(306): mysqli->query('INSERT INTO `de...', 0)
#1 C:\Users\lunam\OneDrive\Documents\Facultad de informática\SEMESTRE - VII\Computo Movil\Proyecto PTV\API\system\Database\BaseConnection.php(692): CodeIgniter\Database\MySQLi\Connection->execute('INSERT INTO `de...')
#2 C:\Users\lunam\OneDrive\Documents\Facultad de informática\SEMESTRE - VII\Computo Movil\Proyecto PTV\API\system\Database\BaseConnection.php(606): CodeIgniter\Database\BaseConnection->simpleQuery('INSERT INTO `de...')
#3 C:\Users\lunam\OneDrive\Documents\Facultad de informática\SEMESTRE - VII\Computo Movil\Proyecto PTV\API\system\Database\BaseBuilder.php(2308): CodeIgniter\Database\BaseConnection->query('INSERT INTO `de...', Array, false)
#4 C:\Users\lunam\OneDrive\Documents\Facultad de informática\SEMESTRE - VII\Computo Movil\Proyecto PTV\API\system\Model.php(319): CodeIgniter\Database\BaseBuilder->insert()
#5 C:\Users\lunam\OneDrive\Documents\Facultad de informática\SEMESTRE - VII\Computo Movil\Proyecto PTV\API\system\BaseModel.php(788): CodeIgniter\Model->doInsert(Array)
#6 C:\Users\lunam\OneDrive\Documents\Facultad de informática\SEMESTRE - VII\Computo Movil\Proyecto PTV\API\system\Model.php(715): CodeIgniter\BaseModel->insert(Array, true)
#7 C:\Users\lunam\OneDrive\Documents\Facultad de informática\SEMESTRE - VII\Computo Movil\Proyecto PTV\API\app\Controllers\ControladorDetalleOrdenes.php(71): CodeIgniter\Model->insert(Array)
#8 C:\Users\lunam\OneDrive\Documents\Facultad de informática\SEMESTRE - VII\Computo Movil\Proyecto PTV\API\system\CodeIgniter.php(919): App\Controllers\ControladorDetalleOrdenes->create()
#9 C:\Users\lunam\OneDrive\Documents\Facultad de informática\SEMESTRE - VII\Computo Movil\Proyecto PTV\API\system\CodeIgniter.php(494): CodeIgniter\CodeIgniter->runController(Object(App\Controllers\ControladorDetalleOrdenes))
#10 C:\Users\lunam\OneDrive\Documents\Facultad de informática\SEMESTRE - VII\Computo Movil\Proyecto PTV\API\system\CodeIgniter.php(353): CodeIgniter\CodeIgniter->handleRequest(NULL, Object(Config\Cache), false)
#11 C:\Users\lunam\OneDrive\Documents\Facultad de informática\SEMESTRE - VII\Computo Movil\Proyecto PTV\API\public\index.php(79): CodeIgniter\CodeIgniter->run()
#12 C:\Users\lunam\OneDrive\Documents\Facultad de informática\SEMESTRE - VII\Computo Movil\Proyecto PTV\API\system\Commands\Server\rewrite.php(47): require_once('C:\\Users\\lunam\\...')
#13 {main}
CRITICAL - 2023-12-01 05:13:29 --> Cannot add or update a child row: a foreign key constraint fails (`miexpendio`.`detalle_orden`, CONSTRAINT `DETALLE_ORDEN_ID_PRODUCTO_PRODUCTOS_ID_PRODUCTO` FOREIGN KEY (`ID_PRODUCTO`) REFERENCES `productos` (`ID_PRODUCTO`))
in SYSTEMPATH\Database\BaseConnection.php on line 646.
 1 SYSTEMPATH\Database\BaseBuilder.php(2308): CodeIgniter\Database\BaseConnection->query('INSERT INTO `detalle_orden` (`ID_ORDEN`, `ID_PRODUCTO`, `CANTIDAD`) VALUES (:ID_ORDEN:, :ID_PRODUCTO:, :CANTIDAD:)', [...], false)
 2 SYSTEMPATH\Model.php(319): CodeIgniter\Database\BaseBuilder->insert()
 3 SYSTEMPATH\BaseModel.php(788): CodeIgniter\Model->doInsert([...])
 4 SYSTEMPATH\Model.php(715): CodeIgniter\BaseModel->insert([...], true)
 5 APPPATH\Controllers\ControladorDetalleOrdenes.php(71): CodeIgniter\Model->insert([...])
 6 SYSTEMPATH\CodeIgniter.php(919): App\Controllers\ControladorDetalleOrdenes->create()
 7 SYSTEMPATH\CodeIgniter.php(494): CodeIgniter\CodeIgniter->runController(Object(App\Controllers\ControladorDetalleOrdenes))
 8 SYSTEMPATH\CodeIgniter.php(353): CodeIgniter\CodeIgniter->handleRequest(null, Object(Config\Cache), false)
 9 FCPATH\index.php(79): CodeIgniter\CodeIgniter->run()
10 SYSTEMPATH\Commands\Server\rewrite.php(47): require_once('C:\\Users\\lunam\\OneDrive\\Documents\\Facultad de informática\\SEMESTRE - VII\\Computo Movil\\Proyecto PTV\\API\\public\\index.php')
