ERROR - 2023-11-24 14:23:42 --> Error connecting to the database: mysqli_sql_exception: No se puede establecer una conexión ya que el equipo de destino denegó expresamente dicha conexión in C:\Users\lunam\OneDrive\Documents\Facultad de informática\SEMESTRE - VII\Computo Movil\Proyecto PTV\API\system\Database\MySQLi\Connection.php:184
Stack trace:
#0 C:\Users\lunam\OneDrive\Documents\Facultad de informática\SEMESTRE - VII\Computo Movil\Proyecto PTV\API\system\Database\MySQLi\Connection.php(184): mysqli->real_connect('localhost', 'root', Object(SensitiveParameterValue), 'miexpendio', 3306, '', 0)
#1 C:\Users\lunam\OneDrive\Documents\Facultad de informática\SEMESTRE - VII\Computo Movil\Proyecto PTV\API\system\Database\BaseConnection.php(391): CodeIgniter\Database\MySQLi\Connection->connect(false)
#2 C:\Users\lunam\OneDrive\Documents\Facultad de informática\SEMESTRE - VII\Computo Movil\Proyecto PTV\API\system\Database\BaseConnection.php(574): CodeIgniter\Database\BaseConnection->initialize()
#3 C:\Users\lunam\OneDrive\Documents\Facultad de informática\SEMESTRE - VII\Computo Movil\Proyecto PTV\API\system\Database\BaseBuilder.php(1615): CodeIgniter\Database\BaseConnection->query('SELECT *\nFROM `...', Array, false)
#4 C:\Users\lunam\OneDrive\Documents\Facultad de informática\SEMESTRE - VII\Computo Movil\Proyecto PTV\API\system\Model.php(237): CodeIgniter\Database\BaseBuilder->get()
#5 C:\Users\lunam\OneDrive\Documents\Facultad de informática\SEMESTRE - VII\Computo Movil\Proyecto PTV\API\system\BaseModel.php(624): CodeIgniter\Model->doFindAll(0, 0)
#6 C:\Users\lunam\OneDrive\Documents\Facultad de informática\SEMESTRE - VII\Computo Movil\Proyecto PTV\API\app\Controllers\ControladorProveedores.php(21): CodeIgniter\BaseModel->findAll()
#7 C:\Users\lunam\OneDrive\Documents\Facultad de informática\SEMESTRE - VII\Computo Movil\Proyecto PTV\API\system\CodeIgniter.php(919): App\Controllers\ControladorProveedores->index()
#8 C:\Users\lunam\OneDrive\Documents\Facultad de informática\SEMESTRE - VII\Computo Movil\Proyecto PTV\API\system\CodeIgniter.php(494): CodeIgniter\CodeIgniter->runController(Object(App\Controllers\ControladorProveedores))
#9 C:\Users\lunam\OneDrive\Documents\Facultad de informática\SEMESTRE - VII\Computo Movil\Proyecto PTV\API\system\CodeIgniter.php(353): CodeIgniter\CodeIgniter->handleRequest(NULL, Object(Config\Cache), false)
#10 C:\Users\lunam\OneDrive\Documents\Facultad de informática\SEMESTRE - VII\Computo Movil\Proyecto PTV\API\public\index.php(79): CodeIgniter\CodeIgniter->run()
#11 C:\Users\lunam\OneDrive\Documents\Facultad de informática\SEMESTRE - VII\Computo Movil\Proyecto PTV\API\system\Commands\Server\rewrite.php(47): require_once('C:\\Users\\lunam\\...')
#12 {main}

Next CodeIgniter\Database\Exceptions\DatabaseException: No se puede establecer una conexión ya que el equipo de destino denegó expresamente dicha conexión in C:\Users\lunam\OneDrive\Documents\Facultad de informática\SEMESTRE - VII\Computo Movil\Proyecto PTV\API\system\Database\MySQLi\Connection.php:229
Stack trace:
#0 C:\Users\lunam\OneDrive\Documents\Facultad de informática\SEMESTRE - VII\Computo Movil\Proyecto PTV\API\system\Database\BaseConnection.php(391): CodeIgniter\Database\MySQLi\Connection->connect(false)
#1 C:\Users\lunam\OneDrive\Documents\Facultad de informática\SEMESTRE - VII\Computo Movil\Proyecto PTV\API\system\Database\BaseConnection.php(574): CodeIgniter\Database\BaseConnection->initialize()
#2 C:\Users\lunam\OneDrive\Documents\Facultad de informática\SEMESTRE - VII\Computo Movil\Proyecto PTV\API\system\Database\BaseBuilder.php(1615): CodeIgniter\Database\BaseConnection->query('SELECT *\nFROM `...', Array, false)
#3 C:\Users\lunam\OneDrive\Documents\Facultad de informática\SEMESTRE - VII\Computo Movil\Proyecto PTV\API\system\Model.php(237): CodeIgniter\Database\BaseBuilder->get()
#4 C:\Users\lunam\OneDrive\Documents\Facultad de informática\SEMESTRE - VII\Computo Movil\Proyecto PTV\API\system\BaseModel.php(624): CodeIgniter\Model->doFindAll(0, 0)
#5 C:\Users\lunam\OneDrive\Documents\Facultad de informática\SEMESTRE - VII\Computo Movil\Proyecto PTV\API\app\Controllers\ControladorProveedores.php(21): CodeIgniter\BaseModel->findAll()
#6 C:\Users\lunam\OneDrive\Documents\Facultad de informática\SEMESTRE - VII\Computo Movil\Proyecto PTV\API\system\CodeIgniter.php(919): App\Controllers\ControladorProveedores->index()
#7 C:\Users\lunam\OneDrive\Documents\Facultad de informática\SEMESTRE - VII\Computo Movil\Proyecto PTV\API\system\CodeIgniter.php(494): CodeIgniter\CodeIgniter->runController(Object(App\Controllers\ControladorProveedores))
#8 C:\Users\lunam\OneDrive\Documents\Facultad de informática\SEMESTRE - VII\Computo Movil\Proyecto PTV\API\system\CodeIgniter.php(353): CodeIgniter\CodeIgniter->handleRequest(NULL, Object(Config\Cache), false)
#9 C:\Users\lunam\OneDrive\Documents\Facultad de informática\SEMESTRE - VII\Computo Movil\Proyecto PTV\API\public\index.php(79): CodeIgniter\CodeIgniter->run()
#10 C:\Users\lunam\OneDrive\Documents\Facultad de informática\SEMESTRE - VII\Computo Movil\Proyecto PTV\API\system\Commands\Server\rewrite.php(47): require_once('C:\\Users\\lunam\\...')
#11 {main}
CRITICAL - 2023-11-24 14:23:42 --> Unable to connect to the database.
Main connection [MySQLi]: No se puede establecer una conexión ya que el equipo de destino denegó expresamente dicha conexión
in SYSTEMPATH\Database\BaseConnection.php on line 427.
 1 SYSTEMPATH\Database\BaseConnection.php(574): CodeIgniter\Database\BaseConnection->initialize()
 2 SYSTEMPATH\Database\BaseBuilder.php(1615): CodeIgniter\Database\BaseConnection->query('SELECT *
FROM `proveedores`', [], false)
 3 SYSTEMPATH\Model.php(237): CodeIgniter\Database\BaseBuilder->get()
 4 SYSTEMPATH\BaseModel.php(624): CodeIgniter\Model->doFindAll(0, 0)
 5 APPPATH\Controllers\ControladorProveedores.php(21): CodeIgniter\BaseModel->findAll()
 6 SYSTEMPATH\CodeIgniter.php(919): App\Controllers\ControladorProveedores->index()
 7 SYSTEMPATH\CodeIgniter.php(494): CodeIgniter\CodeIgniter->runController(Object(App\Controllers\ControladorProveedores))
 8 SYSTEMPATH\CodeIgniter.php(353): CodeIgniter\CodeIgniter->handleRequest(null, Object(Config\Cache), false)
 9 FCPATH\index.php(79): CodeIgniter\CodeIgniter->run()
10 SYSTEMPATH\Commands\Server\rewrite.php(47): require_once('C:\\Users\\lunam\\OneDrive\\Documents\\Facultad de informática\\SEMESTRE - VII\\Computo Movil\\Proyecto PTV\\API\\public\\index.php')
ERROR - 2023-11-24 14:37:25 --> mysqli_sql_exception: Duplicate entry '5' for key 'PRIMARY' in C:\Users\lunam\OneDrive\Documents\Facultad de informática\SEMESTRE - VII\Computo Movil\Proyecto PTV\API\system\Database\MySQLi\Connection.php:306
Stack trace:
#0 C:\Users\lunam\OneDrive\Documents\Facultad de informática\SEMESTRE - VII\Computo Movil\Proyecto PTV\API\system\Database\MySQLi\Connection.php(306): mysqli->query('INSERT INTO `pr...', 0)
#1 C:\Users\lunam\OneDrive\Documents\Facultad de informática\SEMESTRE - VII\Computo Movil\Proyecto PTV\API\system\Database\BaseConnection.php(692): CodeIgniter\Database\MySQLi\Connection->execute('INSERT INTO `pr...')
#2 C:\Users\lunam\OneDrive\Documents\Facultad de informática\SEMESTRE - VII\Computo Movil\Proyecto PTV\API\system\Database\BaseConnection.php(606): CodeIgniter\Database\BaseConnection->simpleQuery('INSERT INTO `pr...')
#3 C:\Users\lunam\OneDrive\Documents\Facultad de informática\SEMESTRE - VII\Computo Movil\Proyecto PTV\API\system\Database\BaseBuilder.php(2308): CodeIgniter\Database\BaseConnection->query('INSERT INTO `pr...', Array, false)
#4 C:\Users\lunam\OneDrive\Documents\Facultad de informática\SEMESTRE - VII\Computo Movil\Proyecto PTV\API\system\Model.php(319): CodeIgniter\Database\BaseBuilder->insert()
#5 C:\Users\lunam\OneDrive\Documents\Facultad de informática\SEMESTRE - VII\Computo Movil\Proyecto PTV\API\system\BaseModel.php(788): CodeIgniter\Model->doInsert(Array)
#6 C:\Users\lunam\OneDrive\Documents\Facultad de informática\SEMESTRE - VII\Computo Movil\Proyecto PTV\API\system\Model.php(715): CodeIgniter\BaseModel->insert(Array, true)
#7 C:\Users\lunam\OneDrive\Documents\Facultad de informática\SEMESTRE - VII\Computo Movil\Proyecto PTV\API\app\Controllers\ControladorProveedores.php(71): CodeIgniter\Model->insert(Array)
#8 C:\Users\lunam\OneDrive\Documents\Facultad de informática\SEMESTRE - VII\Computo Movil\Proyecto PTV\API\system\CodeIgniter.php(919): App\Controllers\ControladorProveedores->create()
#9 C:\Users\lunam\OneDrive\Documents\Facultad de informática\SEMESTRE - VII\Computo Movil\Proyecto PTV\API\system\CodeIgniter.php(494): CodeIgniter\CodeIgniter->runController(Object(App\Controllers\ControladorProveedores))
#10 C:\Users\lunam\OneDrive\Documents\Facultad de informática\SEMESTRE - VII\Computo Movil\Proyecto PTV\API\system\CodeIgniter.php(353): CodeIgniter\CodeIgniter->handleRequest(NULL, Object(Config\Cache), false)
#11 C:\Users\lunam\OneDrive\Documents\Facultad de informática\SEMESTRE - VII\Computo Movil\Proyecto PTV\API\public\index.php(79): CodeIgniter\CodeIgniter->run()
#12 C:\Users\lunam\OneDrive\Documents\Facultad de informática\SEMESTRE - VII\Computo Movil\Proyecto PTV\API\system\Commands\Server\rewrite.php(47): require_once('C:\\Users\\lunam\\...')
#13 {main}
CRITICAL - 2023-11-24 14:37:25 --> Duplicate entry '5' for key 'PRIMARY'
in SYSTEMPATH\Database\BaseConnection.php on line 646.
 1 SYSTEMPATH\Database\BaseBuilder.php(2308): CodeIgniter\Database\BaseConnection->query('INSERT INTO `proveedores` (`ID_PROVEEDOR`, `NOMBRE_PROVEEDOR`, `DESCRIPCION`) VALUES (:ID_PROVEEDOR:, :NOMBRE_PROVEEDOR:, :DESCRIPCION:)', [...], false)
 2 SYSTEMPATH\Model.php(319): CodeIgniter\Database\BaseBuilder->insert()
 3 SYSTEMPATH\BaseModel.php(788): CodeIgniter\Model->doInsert([...])
 4 SYSTEMPATH\Model.php(715): CodeIgniter\BaseModel->insert([...], true)
 5 APPPATH\Controllers\ControladorProveedores.php(71): CodeIgniter\Model->insert([...])
 6 SYSTEMPATH\CodeIgniter.php(919): App\Controllers\ControladorProveedores->create()
 7 SYSTEMPATH\CodeIgniter.php(494): CodeIgniter\CodeIgniter->runController(Object(App\Controllers\ControladorProveedores))
 8 SYSTEMPATH\CodeIgniter.php(353): CodeIgniter\CodeIgniter->handleRequest(null, Object(Config\Cache), false)
 9 FCPATH\index.php(79): CodeIgniter\CodeIgniter->run()
10 SYSTEMPATH\Commands\Server\rewrite.php(47): require_once('C:\\Users\\lunam\\OneDrive\\Documents\\Facultad de informática\\SEMESTRE - VII\\Computo Movil\\Proyecto PTV\\API\\public\\index.php')
