ERROR - 2023-12-07 01:28:14 --> mysqli_sql_exception: Duplicate entry '1' for key 'PRIMARY' in C:\Users\lunam\OneDrive\Documents\Facultad de informática\SEMESTRE - VII\Computo Movil\Proyecto PTV\API\system\Database\MySQLi\Connection.php:306
Stack trace:
#0 C:\Users\lunam\OneDrive\Documents\Facultad de informática\SEMESTRE - VII\Computo Movil\Proyecto PTV\API\system\Database\MySQLi\Connection.php(306): mysqli->query('INSERT INTO `or...', 0)
#1 C:\Users\lunam\OneDrive\Documents\Facultad de informática\SEMESTRE - VII\Computo Movil\Proyecto PTV\API\system\Database\BaseConnection.php(692): CodeIgniter\Database\MySQLi\Connection->execute('INSERT INTO `or...')
#2 C:\Users\lunam\OneDrive\Documents\Facultad de informática\SEMESTRE - VII\Computo Movil\Proyecto PTV\API\system\Database\BaseConnection.php(606): CodeIgniter\Database\BaseConnection->simpleQuery('INSERT INTO `or...')
#3 C:\Users\lunam\OneDrive\Documents\Facultad de informática\SEMESTRE - VII\Computo Movil\Proyecto PTV\API\system\Database\BaseBuilder.php(2308): CodeIgniter\Database\BaseConnection->query('INSERT INTO `or...', Array, false)
#4 C:\Users\lunam\OneDrive\Documents\Facultad de informática\SEMESTRE - VII\Computo Movil\Proyecto PTV\API\system\Model.php(319): CodeIgniter\Database\BaseBuilder->insert()
#5 C:\Users\lunam\OneDrive\Documents\Facultad de informática\SEMESTRE - VII\Computo Movil\Proyecto PTV\API\system\BaseModel.php(788): CodeIgniter\Model->doInsert(Array)
#6 C:\Users\lunam\OneDrive\Documents\Facultad de informática\SEMESTRE - VII\Computo Movil\Proyecto PTV\API\system\Model.php(715): CodeIgniter\BaseModel->insert(Array, true)
#7 C:\Users\lunam\OneDrive\Documents\Facultad de informática\SEMESTRE - VII\Computo Movil\Proyecto PTV\API\app\Controllers\ControladorOrdenes.php(71): CodeIgniter\Model->insert(Array)
#8 C:\Users\lunam\OneDrive\Documents\Facultad de informática\SEMESTRE - VII\Computo Movil\Proyecto PTV\API\system\CodeIgniter.php(919): App\Controllers\ControladorOrdenes->create()
#9 C:\Users\lunam\OneDrive\Documents\Facultad de informática\SEMESTRE - VII\Computo Movil\Proyecto PTV\API\system\CodeIgniter.php(494): CodeIgniter\CodeIgniter->runController(Object(App\Controllers\ControladorOrdenes))
#10 C:\Users\lunam\OneDrive\Documents\Facultad de informática\SEMESTRE - VII\Computo Movil\Proyecto PTV\API\system\CodeIgniter.php(353): CodeIgniter\CodeIgniter->handleRequest(NULL, Object(Config\Cache), false)
#11 C:\Users\lunam\OneDrive\Documents\Facultad de informática\SEMESTRE - VII\Computo Movil\Proyecto PTV\API\public\index.php(79): CodeIgniter\CodeIgniter->run()
#12 C:\Users\lunam\OneDrive\Documents\Facultad de informática\SEMESTRE - VII\Computo Movil\Proyecto PTV\API\system\Commands\Server\rewrite.php(47): require_once('C:\\Users\\lunam\\...')
#13 {main}
CRITICAL - 2023-12-07 01:28:14 --> Duplicate entry '1' for key 'PRIMARY'
in SYSTEMPATH\Database\BaseConnection.php on line 646.
 1 SYSTEMPATH\Database\BaseBuilder.php(2308): CodeIgniter\Database\BaseConnection->query('INSERT INTO `ordenes` (`ID_ORDEN`, `FECHA_ORDEN`, `TOTAL`) VALUES (:ID_ORDEN:, :FECHA_ORDEN:, :TOTAL:)', [...], false)
 2 SYSTEMPATH\Model.php(319): CodeIgniter\Database\BaseBuilder->insert()
 3 SYSTEMPATH\BaseModel.php(788): CodeIgniter\Model->doInsert([...])
 4 SYSTEMPATH\Model.php(715): CodeIgniter\BaseModel->insert([...], true)
 5 APPPATH\Controllers\ControladorOrdenes.php(71): CodeIgniter\Model->insert([...])
 6 SYSTEMPATH\CodeIgniter.php(919): App\Controllers\ControladorOrdenes->create()
 7 SYSTEMPATH\CodeIgniter.php(494): CodeIgniter\CodeIgniter->runController(Object(App\Controllers\ControladorOrdenes))
 8 SYSTEMPATH\CodeIgniter.php(353): CodeIgniter\CodeIgniter->handleRequest(null, Object(Config\Cache), false)
 9 FCPATH\index.php(79): CodeIgniter\CodeIgniter->run()
10 SYSTEMPATH\Commands\Server\rewrite.php(47): require_once('C:\\Users\\lunam\\OneDrive\\Documents\\Facultad de informática\\SEMESTRE - VII\\Computo Movil\\Proyecto PTV\\API\\public\\index.php')
ERROR - 2023-12-07 01:28:28 --> mysqli_sql_exception: Cannot add or update a child row: a foreign key constraint fails (`miexpendio`.`ordenes`, CONSTRAINT `ORDENES_USUARIO_USUARIOS_USUARIO` FOREIGN KEY (`USUARIO`) REFERENCES `usuarios` (`USUARIO`)) in C:\Users\lunam\OneDrive\Documents\Facultad de informática\SEMESTRE - VII\Computo Movil\Proyecto PTV\API\system\Database\MySQLi\Connection.php:306
Stack trace:
#0 C:\Users\lunam\OneDrive\Documents\Facultad de informática\SEMESTRE - VII\Computo Movil\Proyecto PTV\API\system\Database\MySQLi\Connection.php(306): mysqli->query('INSERT INTO `or...', 0)
#1 C:\Users\lunam\OneDrive\Documents\Facultad de informática\SEMESTRE - VII\Computo Movil\Proyecto PTV\API\system\Database\BaseConnection.php(692): CodeIgniter\Database\MySQLi\Connection->execute('INSERT INTO `or...')
#2 C:\Users\lunam\OneDrive\Documents\Facultad de informática\SEMESTRE - VII\Computo Movil\Proyecto PTV\API\system\Database\BaseConnection.php(606): CodeIgniter\Database\BaseConnection->simpleQuery('INSERT INTO `or...')
#3 C:\Users\lunam\OneDrive\Documents\Facultad de informática\SEMESTRE - VII\Computo Movil\Proyecto PTV\API\system\Database\BaseBuilder.php(2308): CodeIgniter\Database\BaseConnection->query('INSERT INTO `or...', Array, false)
#4 C:\Users\lunam\OneDrive\Documents\Facultad de informática\SEMESTRE - VII\Computo Movil\Proyecto PTV\API\system\Model.php(319): CodeIgniter\Database\BaseBuilder->insert()
#5 C:\Users\lunam\OneDrive\Documents\Facultad de informática\SEMESTRE - VII\Computo Movil\Proyecto PTV\API\system\BaseModel.php(788): CodeIgniter\Model->doInsert(Array)
#6 C:\Users\lunam\OneDrive\Documents\Facultad de informática\SEMESTRE - VII\Computo Movil\Proyecto PTV\API\system\Model.php(715): CodeIgniter\BaseModel->insert(Array, true)
#7 C:\Users\lunam\OneDrive\Documents\Facultad de informática\SEMESTRE - VII\Computo Movil\Proyecto PTV\API\app\Controllers\ControladorOrdenes.php(71): CodeIgniter\Model->insert(Array)
#8 C:\Users\lunam\OneDrive\Documents\Facultad de informática\SEMESTRE - VII\Computo Movil\Proyecto PTV\API\system\CodeIgniter.php(919): App\Controllers\ControladorOrdenes->create()
#9 C:\Users\lunam\OneDrive\Documents\Facultad de informática\SEMESTRE - VII\Computo Movil\Proyecto PTV\API\system\CodeIgniter.php(494): CodeIgniter\CodeIgniter->runController(Object(App\Controllers\ControladorOrdenes))
#10 C:\Users\lunam\OneDrive\Documents\Facultad de informática\SEMESTRE - VII\Computo Movil\Proyecto PTV\API\system\CodeIgniter.php(353): CodeIgniter\CodeIgniter->handleRequest(NULL, Object(Config\Cache), false)
#11 C:\Users\lunam\OneDrive\Documents\Facultad de informática\SEMESTRE - VII\Computo Movil\Proyecto PTV\API\public\index.php(79): CodeIgniter\CodeIgniter->run()
#12 C:\Users\lunam\OneDrive\Documents\Facultad de informática\SEMESTRE - VII\Computo Movil\Proyecto PTV\API\system\Commands\Server\rewrite.php(47): require_once('C:\\Users\\lunam\\...')
#13 {main}
CRITICAL - 2023-12-07 01:28:28 --> Cannot add or update a child row: a foreign key constraint fails (`miexpendio`.`ordenes`, CONSTRAINT `ORDENES_USUARIO_USUARIOS_USUARIO` FOREIGN KEY (`USUARIO`) REFERENCES `usuarios` (`USUARIO`))
in SYSTEMPATH\Database\BaseConnection.php on line 646.
 1 SYSTEMPATH\Database\BaseBuilder.php(2308): CodeIgniter\Database\BaseConnection->query('INSERT INTO `ordenes` (`ID_ORDEN`, `FECHA_ORDEN`, `TOTAL`) VALUES (:ID_ORDEN:, :FECHA_ORDEN:, :TOTAL:)', [...], false)
 2 SYSTEMPATH\Model.php(319): CodeIgniter\Database\BaseBuilder->insert()
 3 SYSTEMPATH\BaseModel.php(788): CodeIgniter\Model->doInsert([...])
 4 SYSTEMPATH\Model.php(715): CodeIgniter\BaseModel->insert([...], true)
 5 APPPATH\Controllers\ControladorOrdenes.php(71): CodeIgniter\Model->insert([...])
 6 SYSTEMPATH\CodeIgniter.php(919): App\Controllers\ControladorOrdenes->create()
 7 SYSTEMPATH\CodeIgniter.php(494): CodeIgniter\CodeIgniter->runController(Object(App\Controllers\ControladorOrdenes))
 8 SYSTEMPATH\CodeIgniter.php(353): CodeIgniter\CodeIgniter->handleRequest(null, Object(Config\Cache), false)
 9 FCPATH\index.php(79): CodeIgniter\CodeIgniter->run()
10 SYSTEMPATH\Commands\Server\rewrite.php(47): require_once('C:\\Users\\lunam\\OneDrive\\Documents\\Facultad de informática\\SEMESTRE - VII\\Computo Movil\\Proyecto PTV\\API\\public\\index.php')
ERROR - 2023-12-07 01:28:56 --> mysqli_sql_exception: Cannot add or update a child row: a foreign key constraint fails (`miexpendio`.`ordenes`, CONSTRAINT `ORDENES_USUARIO_USUARIOS_USUARIO` FOREIGN KEY (`USUARIO`) REFERENCES `usuarios` (`USUARIO`)) in C:\Users\lunam\OneDrive\Documents\Facultad de informática\SEMESTRE - VII\Computo Movil\Proyecto PTV\API\system\Database\MySQLi\Connection.php:306
Stack trace:
#0 C:\Users\lunam\OneDrive\Documents\Facultad de informática\SEMESTRE - VII\Computo Movil\Proyecto PTV\API\system\Database\MySQLi\Connection.php(306): mysqli->query('INSERT INTO `or...', 0)
#1 C:\Users\lunam\OneDrive\Documents\Facultad de informática\SEMESTRE - VII\Computo Movil\Proyecto PTV\API\system\Database\BaseConnection.php(692): CodeIgniter\Database\MySQLi\Connection->execute('INSERT INTO `or...')
#2 C:\Users\lunam\OneDrive\Documents\Facultad de informática\SEMESTRE - VII\Computo Movil\Proyecto PTV\API\system\Database\BaseConnection.php(606): CodeIgniter\Database\BaseConnection->simpleQuery('INSERT INTO `or...')
#3 C:\Users\lunam\OneDrive\Documents\Facultad de informática\SEMESTRE - VII\Computo Movil\Proyecto PTV\API\system\Database\BaseBuilder.php(2308): CodeIgniter\Database\BaseConnection->query('INSERT INTO `or...', Array, false)
#4 C:\Users\lunam\OneDrive\Documents\Facultad de informática\SEMESTRE - VII\Computo Movil\Proyecto PTV\API\system\Model.php(319): CodeIgniter\Database\BaseBuilder->insert()
#5 C:\Users\lunam\OneDrive\Documents\Facultad de informática\SEMESTRE - VII\Computo Movil\Proyecto PTV\API\system\BaseModel.php(788): CodeIgniter\Model->doInsert(Array)
#6 C:\Users\lunam\OneDrive\Documents\Facultad de informática\SEMESTRE - VII\Computo Movil\Proyecto PTV\API\system\Model.php(715): CodeIgniter\BaseModel->insert(Array, true)
#7 C:\Users\lunam\OneDrive\Documents\Facultad de informática\SEMESTRE - VII\Computo Movil\Proyecto PTV\API\app\Controllers\ControladorOrdenes.php(71): CodeIgniter\Model->insert(Array)
#8 C:\Users\lunam\OneDrive\Documents\Facultad de informática\SEMESTRE - VII\Computo Movil\Proyecto PTV\API\system\CodeIgniter.php(919): App\Controllers\ControladorOrdenes->create()
#9 C:\Users\lunam\OneDrive\Documents\Facultad de informática\SEMESTRE - VII\Computo Movil\Proyecto PTV\API\system\CodeIgniter.php(494): CodeIgniter\CodeIgniter->runController(Object(App\Controllers\ControladorOrdenes))
#10 C:\Users\lunam\OneDrive\Documents\Facultad de informática\SEMESTRE - VII\Computo Movil\Proyecto PTV\API\system\CodeIgniter.php(353): CodeIgniter\CodeIgniter->handleRequest(NULL, Object(Config\Cache), false)
#11 C:\Users\lunam\OneDrive\Documents\Facultad de informática\SEMESTRE - VII\Computo Movil\Proyecto PTV\API\public\index.php(79): CodeIgniter\CodeIgniter->run()
#12 C:\Users\lunam\OneDrive\Documents\Facultad de informática\SEMESTRE - VII\Computo Movil\Proyecto PTV\API\system\Commands\Server\rewrite.php(47): require_once('C:\\Users\\lunam\\...')
#13 {main}
CRITICAL - 2023-12-07 01:28:56 --> Cannot add or update a child row: a foreign key constraint fails (`miexpendio`.`ordenes`, CONSTRAINT `ORDENES_USUARIO_USUARIOS_USUARIO` FOREIGN KEY (`USUARIO`) REFERENCES `usuarios` (`USUARIO`))
in SYSTEMPATH\Database\BaseConnection.php on line 646.
 1 SYSTEMPATH\Database\BaseBuilder.php(2308): CodeIgniter\Database\BaseConnection->query('INSERT INTO `ordenes` (`ID_ORDEN`, `FECHA_ORDEN`, `TOTAL`) VALUES (:ID_ORDEN:, :FECHA_ORDEN:, :TOTAL:)', [...], false)
 2 SYSTEMPATH\Model.php(319): CodeIgniter\Database\BaseBuilder->insert()
 3 SYSTEMPATH\BaseModel.php(788): CodeIgniter\Model->doInsert([...])
 4 SYSTEMPATH\Model.php(715): CodeIgniter\BaseModel->insert([...], true)
 5 APPPATH\Controllers\ControladorOrdenes.php(71): CodeIgniter\Model->insert([...])
 6 SYSTEMPATH\CodeIgniter.php(919): App\Controllers\ControladorOrdenes->create()
 7 SYSTEMPATH\CodeIgniter.php(494): CodeIgniter\CodeIgniter->runController(Object(App\Controllers\ControladorOrdenes))
 8 SYSTEMPATH\CodeIgniter.php(353): CodeIgniter\CodeIgniter->handleRequest(null, Object(Config\Cache), false)
 9 FCPATH\index.php(79): CodeIgniter\CodeIgniter->run()
10 SYSTEMPATH\Commands\Server\rewrite.php(47): require_once('C:\\Users\\lunam\\OneDrive\\Documents\\Facultad de informática\\SEMESTRE - VII\\Computo Movil\\Proyecto PTV\\API\\public\\index.php')
ERROR - 2023-12-07 01:29:44 --> mysqli_sql_exception: Cannot add or update a child row: a foreign key constraint fails (`miexpendio`.`ordenes`, CONSTRAINT `ORDENES_USUARIO_USUARIOS_USUARIO` FOREIGN KEY (`USUARIO`) REFERENCES `usuarios` (`USUARIO`)) in C:\Users\lunam\OneDrive\Documents\Facultad de informática\SEMESTRE - VII\Computo Movil\Proyecto PTV\API\system\Database\MySQLi\Connection.php:306
Stack trace:
#0 C:\Users\lunam\OneDrive\Documents\Facultad de informática\SEMESTRE - VII\Computo Movil\Proyecto PTV\API\system\Database\MySQLi\Connection.php(306): mysqli->query('INSERT INTO `or...', 0)
#1 C:\Users\lunam\OneDrive\Documents\Facultad de informática\SEMESTRE - VII\Computo Movil\Proyecto PTV\API\system\Database\BaseConnection.php(692): CodeIgniter\Database\MySQLi\Connection->execute('INSERT INTO `or...')
#2 C:\Users\lunam\OneDrive\Documents\Facultad de informática\SEMESTRE - VII\Computo Movil\Proyecto PTV\API\system\Database\BaseConnection.php(606): CodeIgniter\Database\BaseConnection->simpleQuery('INSERT INTO `or...')
#3 C:\Users\lunam\OneDrive\Documents\Facultad de informática\SEMESTRE - VII\Computo Movil\Proyecto PTV\API\system\Database\BaseBuilder.php(2308): CodeIgniter\Database\BaseConnection->query('INSERT INTO `or...', Array, false)
#4 C:\Users\lunam\OneDrive\Documents\Facultad de informática\SEMESTRE - VII\Computo Movil\Proyecto PTV\API\system\Model.php(319): CodeIgniter\Database\BaseBuilder->insert()
#5 C:\Users\lunam\OneDrive\Documents\Facultad de informática\SEMESTRE - VII\Computo Movil\Proyecto PTV\API\system\BaseModel.php(788): CodeIgniter\Model->doInsert(Array)
#6 C:\Users\lunam\OneDrive\Documents\Facultad de informática\SEMESTRE - VII\Computo Movil\Proyecto PTV\API\system\Model.php(715): CodeIgniter\BaseModel->insert(Array, true)
#7 C:\Users\lunam\OneDrive\Documents\Facultad de informática\SEMESTRE - VII\Computo Movil\Proyecto PTV\API\app\Controllers\ControladorOrdenes.php(71): CodeIgniter\Model->insert(Array)
#8 C:\Users\lunam\OneDrive\Documents\Facultad de informática\SEMESTRE - VII\Computo Movil\Proyecto PTV\API\system\CodeIgniter.php(919): App\Controllers\ControladorOrdenes->create()
#9 C:\Users\lunam\OneDrive\Documents\Facultad de informática\SEMESTRE - VII\Computo Movil\Proyecto PTV\API\system\CodeIgniter.php(494): CodeIgniter\CodeIgniter->runController(Object(App\Controllers\ControladorOrdenes))
#10 C:\Users\lunam\OneDrive\Documents\Facultad de informática\SEMESTRE - VII\Computo Movil\Proyecto PTV\API\system\CodeIgniter.php(353): CodeIgniter\CodeIgniter->handleRequest(NULL, Object(Config\Cache), false)
#11 C:\Users\lunam\OneDrive\Documents\Facultad de informática\SEMESTRE - VII\Computo Movil\Proyecto PTV\API\public\index.php(79): CodeIgniter\CodeIgniter->run()
#12 C:\Users\lunam\OneDrive\Documents\Facultad de informática\SEMESTRE - VII\Computo Movil\Proyecto PTV\API\system\Commands\Server\rewrite.php(47): require_once('C:\\Users\\lunam\\...')
#13 {main}
CRITICAL - 2023-12-07 01:29:44 --> Cannot add or update a child row: a foreign key constraint fails (`miexpendio`.`ordenes`, CONSTRAINT `ORDENES_USUARIO_USUARIOS_USUARIO` FOREIGN KEY (`USUARIO`) REFERENCES `usuarios` (`USUARIO`))
in SYSTEMPATH\Database\BaseConnection.php on line 646.
 1 SYSTEMPATH\Database\BaseBuilder.php(2308): CodeIgniter\Database\BaseConnection->query('INSERT INTO `ordenes` (`ID_ORDEN`, `FECHA_ORDEN`, `TOTAL`) VALUES (:ID_ORDEN:, :FECHA_ORDEN:, :TOTAL:)', [...], false)
 2 SYSTEMPATH\Model.php(319): CodeIgniter\Database\BaseBuilder->insert()
 3 SYSTEMPATH\BaseModel.php(788): CodeIgniter\Model->doInsert([...])
 4 SYSTEMPATH\Model.php(715): CodeIgniter\BaseModel->insert([...], true)
 5 APPPATH\Controllers\ControladorOrdenes.php(71): CodeIgniter\Model->insert([...])
 6 SYSTEMPATH\CodeIgniter.php(919): App\Controllers\ControladorOrdenes->create()
 7 SYSTEMPATH\CodeIgniter.php(494): CodeIgniter\CodeIgniter->runController(Object(App\Controllers\ControladorOrdenes))
 8 SYSTEMPATH\CodeIgniter.php(353): CodeIgniter\CodeIgniter->handleRequest(null, Object(Config\Cache), false)
 9 FCPATH\index.php(79): CodeIgniter\CodeIgniter->run()
10 SYSTEMPATH\Commands\Server\rewrite.php(47): require_once('C:\\Users\\lunam\\OneDrive\\Documents\\Facultad de informática\\SEMESTRE - VII\\Computo Movil\\Proyecto PTV\\API\\public\\index.php')
