ERROR - 2023-11-28 06:14:30 --> mysqli_sql_exception: Table 'miexpendio.modeloordenes' doesn't exist in C:\Users\lunam\OneDrive\Documents\Facultad de informática\SEMESTRE - VII\Computo Movil\Proyecto PTV\API\system\Database\MySQLi\Connection.php:306
Stack trace:
#0 C:\Users\lunam\OneDrive\Documents\Facultad de informática\SEMESTRE - VII\Computo Movil\Proyecto PTV\API\system\Database\MySQLi\Connection.php(306): mysqli->query('SELECT *\nFROM `...', 0)
#1 C:\Users\lunam\OneDrive\Documents\Facultad de informática\SEMESTRE - VII\Computo Movil\Proyecto PTV\API\system\Database\BaseConnection.php(692): CodeIgniter\Database\MySQLi\Connection->execute('SELECT *\nFROM `...')
#2 C:\Users\lunam\OneDrive\Documents\Facultad de informática\SEMESTRE - VII\Computo Movil\Proyecto PTV\API\system\Database\BaseConnection.php(606): CodeIgniter\Database\BaseConnection->simpleQuery('SELECT *\nFROM `...')
#3 C:\Users\lunam\OneDrive\Documents\Facultad de informática\SEMESTRE - VII\Computo Movil\Proyecto PTV\API\system\Database\BaseBuilder.php(1615): CodeIgniter\Database\BaseConnection->query('SELECT *\nFROM `...', Array, false)
#4 C:\Users\lunam\OneDrive\Documents\Facultad de informática\SEMESTRE - VII\Computo Movil\Proyecto PTV\API\system\Model.php(237): CodeIgniter\Database\BaseBuilder->get()
#5 C:\Users\lunam\OneDrive\Documents\Facultad de informática\SEMESTRE - VII\Computo Movil\Proyecto PTV\API\system\BaseModel.php(624): CodeIgniter\Model->doFindAll(0, 0)
#6 C:\Users\lunam\OneDrive\Documents\Facultad de informática\SEMESTRE - VII\Computo Movil\Proyecto PTV\API\app\Controllers\ControladorOrdenes.php(20): CodeIgniter\BaseModel->findAll()
#7 C:\Users\lunam\OneDrive\Documents\Facultad de informática\SEMESTRE - VII\Computo Movil\Proyecto PTV\API\system\CodeIgniter.php(919): App\Controllers\ControladorOrdenes->index()
#8 C:\Users\lunam\OneDrive\Documents\Facultad de informática\SEMESTRE - VII\Computo Movil\Proyecto PTV\API\system\CodeIgniter.php(494): CodeIgniter\CodeIgniter->runController(Object(App\Controllers\ControladorOrdenes))
#9 C:\Users\lunam\OneDrive\Documents\Facultad de informática\SEMESTRE - VII\Computo Movil\Proyecto PTV\API\system\CodeIgniter.php(353): CodeIgniter\CodeIgniter->handleRequest(NULL, Object(Config\Cache), false)
#10 C:\Users\lunam\OneDrive\Documents\Facultad de informática\SEMESTRE - VII\Computo Movil\Proyecto PTV\API\public\index.php(79): CodeIgniter\CodeIgniter->run()
#11 C:\Users\lunam\OneDrive\Documents\Facultad de informática\SEMESTRE - VII\Computo Movil\Proyecto PTV\API\system\Commands\Server\rewrite.php(47): require_once('C:\\Users\\lunam\\...')
#12 {main}
CRITICAL - 2023-11-28 06:14:30 --> Table 'miexpendio.modeloordenes' doesn't exist
in SYSTEMPATH\Database\BaseConnection.php on line 646.
 1 SYSTEMPATH\Database\BaseBuilder.php(1615): CodeIgniter\Database\BaseConnection->query('SELECT *
FROM `modeloordenes`', [], false)
 2 SYSTEMPATH\Model.php(237): CodeIgniter\Database\BaseBuilder->get()
 3 SYSTEMPATH\BaseModel.php(624): CodeIgniter\Model->doFindAll(0, 0)
 4 APPPATH\Controllers\ControladorOrdenes.php(20): CodeIgniter\BaseModel->findAll()
 5 SYSTEMPATH\CodeIgniter.php(919): App\Controllers\ControladorOrdenes->index()
 6 SYSTEMPATH\CodeIgniter.php(494): CodeIgniter\CodeIgniter->runController(Object(App\Controllers\ControladorOrdenes))
 7 SYSTEMPATH\CodeIgniter.php(353): CodeIgniter\CodeIgniter->handleRequest(null, Object(Config\Cache), false)
 8 FCPATH\index.php(79): CodeIgniter\CodeIgniter->run()
 9 SYSTEMPATH\Commands\Server\rewrite.php(47): require_once('C:\\Users\\lunam\\OneDrive\\Documents\\Facultad de informática\\SEMESTRE - VII\\Computo Movil\\Proyecto PTV\\API\\public\\index.php')
CRITICAL - 2023-11-28 06:29:17 --> "App\Models\ModeloDetalleOrdenes" model class does not specify a Primary Key.
in SYSTEMPATH\Model.php on line 625.
 1 SYSTEMPATH\Model.php(625): CodeIgniter\Exceptions\ModelException::forNoPrimaryKey('App\\Models\\ModeloDetalleOrdenes')
 2 SYSTEMPATH\Model.php(230): CodeIgniter\Model->builder()
 3 SYSTEMPATH\BaseModel.php(624): CodeIgniter\Model->doFindAll(0, 0)
 4 APPPATH\Controllers\ControladorDetalleOrdenes.php(21): CodeIgniter\BaseModel->findAll()
 5 SYSTEMPATH\CodeIgniter.php(919): App\Controllers\ControladorDetalleOrdenes->index()
 6 SYSTEMPATH\CodeIgniter.php(494): CodeIgniter\CodeIgniter->runController(Object(App\Controllers\ControladorDetalleOrdenes))
 7 SYSTEMPATH\CodeIgniter.php(353): CodeIgniter\CodeIgniter->handleRequest(null, Object(Config\Cache), false)
 8 FCPATH\index.php(79): CodeIgniter\CodeIgniter->run()
 9 SYSTEMPATH\Commands\Server\rewrite.php(47): require_once('C:\\Users\\lunam\\OneDrive\\Documents\\Facultad de informática\\SEMESTRE - VII\\Computo Movil\\Proyecto PTV\\API\\public\\index.php')
CRITICAL - 2023-11-28 06:30:05 --> "App\Models\ModeloDetalleOrdenes" model class does not specify a Primary Key.
in SYSTEMPATH\Model.php on line 625.
 1 SYSTEMPATH\Model.php(625): CodeIgniter\Exceptions\ModelException::forNoPrimaryKey('App\\Models\\ModeloDetalleOrdenes')
 2 SYSTEMPATH\Model.php(230): CodeIgniter\Model->builder()
 3 SYSTEMPATH\BaseModel.php(624): CodeIgniter\Model->doFindAll(0, 0)
 4 APPPATH\Controllers\ControladorDetalleOrdenes.php(21): CodeIgniter\BaseModel->findAll()
 5 SYSTEMPATH\CodeIgniter.php(919): App\Controllers\ControladorDetalleOrdenes->index()
 6 SYSTEMPATH\CodeIgniter.php(494): CodeIgniter\CodeIgniter->runController(Object(App\Controllers\ControladorDetalleOrdenes))
 7 SYSTEMPATH\CodeIgniter.php(353): CodeIgniter\CodeIgniter->handleRequest(null, Object(Config\Cache), false)
 8 FCPATH\index.php(79): CodeIgniter\CodeIgniter->run()
 9 SYSTEMPATH\Commands\Server\rewrite.php(47): require_once('C:\\Users\\lunam\\OneDrive\\Documents\\Facultad de informática\\SEMESTRE - VII\\Computo Movil\\Proyecto PTV\\API\\public\\index.php')
CRITICAL - 2023-11-28 06:30:21 --> "App\Models\ModeloDetalleOrdenes" model class does not specify a Primary Key.
in SYSTEMPATH\Model.php on line 625.
 1 SYSTEMPATH\Model.php(625): CodeIgniter\Exceptions\ModelException::forNoPrimaryKey('App\\Models\\ModeloDetalleOrdenes')
 2 SYSTEMPATH\Model.php(230): CodeIgniter\Model->builder()
 3 SYSTEMPATH\BaseModel.php(624): CodeIgniter\Model->doFindAll(0, 0)
 4 APPPATH\Controllers\ControladorDetalleOrdenes.php(21): CodeIgniter\BaseModel->findAll()
 5 SYSTEMPATH\CodeIgniter.php(919): App\Controllers\ControladorDetalleOrdenes->index()
 6 SYSTEMPATH\CodeIgniter.php(494): CodeIgniter\CodeIgniter->runController(Object(App\Controllers\ControladorDetalleOrdenes))
 7 SYSTEMPATH\CodeIgniter.php(353): CodeIgniter\CodeIgniter->handleRequest(null, Object(Config\Cache), false)
 8 FCPATH\index.php(79): CodeIgniter\CodeIgniter->run()
 9 SYSTEMPATH\Commands\Server\rewrite.php(47): require_once('C:\\Users\\lunam\\OneDrive\\Documents\\Facultad de informática\\SEMESTRE - VII\\Computo Movil\\Proyecto PTV\\API\\public\\index.php')
